TN:
SF:/Users/jamesmaxwell/student/sem3/ppois/lab1/TicTacToe.cpp
FNL:0,104,117
FNA:0,85,_ZNK9TicTacToe14checkDiagonalsE4Cell
FNL:1,13,16
FNA:1,105,_ZN9TicTacToeC1Em
FNA:1,105,_ZN9TicTacToeC2Em
FNL:2,18,19
FNA:2,450,_ZNK9TicTacToe4sizeEv
FNL:3,22,23
FNA:3,20,_ZN9TicTacToeixEm
FNL:4,26,27
FNA:4,0,_ZNK9TicTacToeixEm
FNL:5,3,11
FNA:5,15,_Z10cellToChar4Cell
FNL:6,30,31
FNA:6,450,_ZN9TicTacToe6cellAtEmm
FNL:7,34,35
FNA:7,1560,_ZNK9TicTacToe6cellAtEmm
FNL:8,38,43
FNA:8,30,_ZNK9TicTacToe8canPlaceEmm
FNL:9,45,52
FNA:9,20,_ZNK9TicTacToe13hasEmptyCellsEv
FNL:10,54,62
FNA:10,70,_ZNK9TicTacToe6winnerEv
FNL:11,64,65
FNA:11,2010,_ZNK9TicTacToe5indexEmm
FNL:12,68,69
FNA:12,115,_ZNK9TicTacToe11checkWinForE4Cell
FNL:13,72,86
FNA:13,115,_ZNK9TicTacToe9checkRowsE4Cell
FNL:14,88,102
FNA:14,100,_ZNK9TicTacToe12checkColumnsE4Cell
FNF:15
FNH:14
DA:3,15
DA:4,15
DA:5,5
DA:7,10
DA:8,5
DA:10,5
DA:11,15
DA:13,210
DA:14,105
DA:15,105
DA:16,210
DA:18,450
DA:19,450
DA:22,20
DA:23,20
DA:26,0
DA:27,0
DA:30,450
DA:31,450
DA:34,1560
DA:35,1560
DA:38,30
DA:39,30
DA:40,15
DA:42,15
DA:43,30
DA:45,20
DA:46,65
DA:47,60
DA:48,15
DA:50,45
DA:51,5
DA:52,20
DA:54,70
DA:55,70
DA:56,25
DA:58,45
DA:59,25
DA:61,20
DA:62,70
DA:64,2010
DA:65,2010
DA:68,115
DA:69,115
DA:72,115
DA:73,515
DA:74,415
DA:75,495
DA:76,480
DA:77,400
DA:78,400
DA:80,80
DA:81,415
DA:82,15
DA:84,400
DA:85,100
DA:86,115
DA:88,100
DA:89,450
DA:90,365
DA:91,450
DA:92,435
DA:93,350
DA:94,350
DA:96,85
DA:97,365
DA:98,15
DA:100,350
DA:101,85
DA:102,100
DA:104,85
DA:105,85
DA:106,85
DA:108,400
DA:109,315
DA:110,250
DA:111,250
DA:112,315
DA:113,260
DA:114,260
DA:115,315
DA:117,85
LF:82
LH:80
end_of_record
