TN:
SF:/Users/jamesmaxwell/student/sem3/ppois/lab1/TicTacToe.cpp
FNL:0,104,117
FNA:0,17,_ZNK9TicTacToe14checkDiagonalsE4Cell
FNL:1,13,16
FNA:1,21,_ZN9TicTacToeC1Em
FNA:1,21,_ZN9TicTacToeC2Em
FNL:2,18,19
FNA:2,90,_ZNK9TicTacToe4sizeEv
FNL:3,22,23
FNA:3,4,_ZN9TicTacToeixEm
FNL:4,26,27
FNA:4,0,_ZNK9TicTacToeixEm
FNL:5,3,11
FNA:5,3,_Z10cellToChar4Cell
FNL:6,30,31
FNA:6,90,_ZN9TicTacToe6cellAtEmm
FNL:7,34,35
FNA:7,312,_ZNK9TicTacToe6cellAtEmm
FNL:8,38,43
FNA:8,6,_ZNK9TicTacToe8canPlaceEmm
FNL:9,45,52
FNA:9,4,_ZNK9TicTacToe13hasEmptyCellsEv
FNL:10,54,62
FNA:10,14,_ZNK9TicTacToe6winnerEv
FNL:11,64,65
FNA:11,402,_ZNK9TicTacToe5indexEmm
FNL:12,68,69
FNA:12,23,_ZNK9TicTacToe11checkWinForE4Cell
FNL:13,72,86
FNA:13,23,_ZNK9TicTacToe9checkRowsE4Cell
FNL:14,88,102
FNA:14,20,_ZNK9TicTacToe12checkColumnsE4Cell
FNF:15
FNH:14
DA:3,3
DA:4,3
DA:5,1
DA:7,2
DA:8,1
DA:10,1
DA:11,3
DA:13,42
DA:14,21
DA:15,21
DA:16,42
DA:18,90
DA:19,90
DA:22,4
DA:23,4
DA:26,0
DA:27,0
DA:30,90
DA:31,90
DA:34,312
DA:35,312
DA:38,6
DA:39,6
DA:40,3
DA:42,3
DA:43,6
DA:45,4
DA:46,13
DA:47,12
DA:48,3
DA:50,9
DA:51,1
DA:52,4
DA:54,14
DA:55,14
DA:56,5
DA:58,9
DA:59,5
DA:61,4
DA:62,14
DA:64,402
DA:65,402
DA:68,23
DA:69,23
DA:72,23
DA:73,103
DA:74,83
DA:75,99
DA:76,96
DA:77,80
DA:78,80
DA:80,16
DA:81,83
DA:82,3
DA:84,80
DA:85,20
DA:86,23
DA:88,20
DA:89,90
DA:90,73
DA:91,90
DA:92,87
DA:93,70
DA:94,70
DA:96,17
DA:97,73
DA:98,3
DA:100,70
DA:101,17
DA:102,20
DA:104,17
DA:105,17
DA:106,17
DA:108,80
DA:109,63
DA:110,50
DA:111,50
DA:112,63
DA:113,52
DA:114,52
DA:115,63
DA:117,17
LF:82
LH:80
end_of_record
