TN:
SF:/Users/jamesmaxwell/student/sem3/ppois/lab2/gallery.cpp
FNL:0,1003,1031
FNA:0,30,_ZN7Curator15organizeVintageEP17VintageExhibition
FNL:1,101,102
FNA:1,10,_ZNK7Artwork7getNameEv
FNL:2,1032,1056
FNA:2,50,_ZN7Curator20organizeContemporaryEP22ContemporaryExhibition
FNL:3,104,105
FNA:3,10,_ZNK7Artwork8getValueEv
FNL:4,1057,1072
FNA:4,60,_ZN7Curator18organizeMinimalistEP20MinimalistExhibition
FNL:5,107,108
FNA:5,20,_ZNK7Artwork15isAuthenticatedEv
FNL:6,1073,1095
FNA:6,60,_ZN7Curator16organizeAbstractEP18AbstractExhibition
FNL:7,1096,1110
FNA:7,70,_ZN7Curator16organizePortraitEP18PortraitExhibition
FNL:8,11,12
FNA:8,20,_ZNK9Dimension5getIdEv
FNL:9,110,116
FNA:9,40,_ZNK7Artwork24calculateMaintenanceCostEv
FNL:10,1111,1132
FNA:10,50,_ZN7Curator17organizeLandscapeEP19LandscapeExhibition
FNL:11,1133,1159
FNA:11,60,_ZN7Curator19organizeRestorationEP21RestorationExhibition
FNL:12,1160,1184
FNA:12,70,_ZN7Curator17organizeTemporaryEP19TemporaryExhibition
FNL:13,118,119
FNA:13,40,_ZNK7Artwork21isAvailableForDisplayEv
FNL:14,1185,1212
FNA:14,70,_ZN7Curator17organizePermanentEP19PermanentExhibition
FNL:15,121,128
FNA:15,30,_ZNK7Artwork21calculateDepreciationEi
FNL:16,1213,1237
FNA:16,70,_ZN7Curator19organizeInteractiveEP21InteractiveExhibition
FNL:17,1238,1262
FNA:17,70,_ZN7Curator16organizeThematicEP18ThematicExhibition
FNL:18,1263,1289
FNA:18,70,_ZN7Curator21organizeRetrospectiveEP23RetrospectiveExhibition
FNL:19,129,135
FNA:19,10,_ZNK7Artwork15needsInspectionEv
FNL:20,1290,1316
FNA:20,80,_ZN7Curator13organizeGroupEP15GroupExhibition
FNL:21,1317,1340
FNA:21,60,_ZN7Curator12organizeSoloEP14SoloExhibition
FNL:22,1341,1342
FNA:22,310,_ZN7VisitorC1EPKcib
FNA:22,310,_ZN7VisitorC2EPKcib
FNL:23,1343,1346
FNA:23,10,_ZN7Visitor14purchaseTicketEv
FNL:24,1347,1352
FNA:24,20,_ZN7Visitor12enterGalleryEv
FNL:25,1353,1359
FNA:25,30,_ZN7Visitor11viewArtworkEP7Artwork
FNL:26,136,142
FNA:26,30,_ZNK7Artwork24calculateRestorationCostEd
FNL:27,1360,1363
FNA:27,80,_ZN7Visitor11addFavoriteEv
FNL:28,1364,1367
FNA:28,10,_ZN7Visitor14joinGuidedTourEv
FNL:29,1368,1369
FNA:29,20,_ZNK7Visitor19canAccessRestrictedEv
FNL:30,1371,1372
FNA:30,0,_ZNK7Visitor14getAccessLevelEv
FNL:31,1374,1375
FNA:31,10,_ZNK7Visitor7getNameEv
FNL:32,1377,1378
FNA:32,20,_ZNK7Visitor16getVisitDurationEv
FNL:33,1380,1381
FNA:33,10,_ZNK7Visitor27calculateTotalBaggageWeightEdd
FNL:34,1383,1388
FNA:34,20,_ZNK7Visitor12hasValidVisaEPKc
FNL:35,1389,1396
FNA:35,20,_ZNK7Visitor24calculateLoyaltyDiscountEd
FNL:36,1397,1402
FNA:36,20,_ZN7Visitor18requestSpecialMealEPKc
FNL:37,14,16
FNA:37,10,_ZN9Dimension12setPrecisionEd
FNL:38,1403,1408
FNA:38,20,_ZN7Visitor20checkInForExhibitionEPKc
FNL:39,1409,1414
FNA:39,20,_ZN7Visitor17cancelReservationEi
FNL:40,1415,1416
FNA:40,10,_ZNK7Visitor24calculateTotalTravelCostEddd
FNL:41,1418,1422
FNA:41,120,_ZN11GalleryMenuC1Ev
FNA:41,120,_ZN11GalleryMenuC2Ev
FNL:42,1423,1429
FNA:42,60,_ZNK11GalleryMenu4showEv
FNL:43,143,144
FNA:43,150,_ZN11GalleryToolC1EPKcbbi
FNA:43,4640,_ZN11GalleryToolC2EPKcbbi
FNL:44,1430,1435
FNA:44,120,_ZN11GalleryMenu13addExhibitionEP10Exhibition
FNL:45,1436,1438
FNA:45,10,_ZN11GalleryMenu10setVisitorEP7Visitor
FNL:46,1439,1460
FNA:46,30,_ZN11GalleryMenu3runEv
FNL:47,145,156
FNA:47,460,_ZN11GalleryTool7useToolEv
FNL:48,1461,1462
FNA:48,20,_ZNK11GalleryMenu18getExhibitionCountEv
FNL:49,1464,1465
FNA:49,20,_ZNK11GalleryMenu17getCurrentVisitorEv
FNL:50,1467,1474
FNA:50,30,_ZNK11GalleryMenu17searchExhibitionsEPKc
FNL:51,1476,1483
FNA:51,10,_ZNK11GalleryMenu26filterAvailableExhibitionsEv
FNL:52,1485,1495
FNA:52,10,_ZN11GalleryMenu21sortExhibitionsByNameEv
FNL:53,1496,1501
FNA:53,40,_ZNK11GalleryMenu20getExhibitionByIndexEi
FNL:54,1502,1503
FNA:54,70,_ZNK10Exhibition13isFullyBookedEv
FNL:55,1505,1506
FNA:55,10,_ZNK10Exhibition27calculateExhibitionDurationEv
FNL:56,1508,1509
FNA:56,10,_ZNK10Exhibition8isOnTimeEv
FNL:57,1511,1512
FNA:57,10,_ZNK10Exhibition17getAvailableSeatsEv
FNL:58,1514,1516
FNA:58,340,_ZN12TicketSystemC1EPKci
FNA:58,340,_ZN12TicketSystemC2EPKci
FNL:59,1517,1528
FNA:59,70,_ZN12TicketSystem13createBookingEP7VisitorP10Exhibition
FNL:60,1529,1535
FNA:60,30,_ZN12TicketSystem13cancelBookingEi
FNL:61,1536,1543
FNA:61,30,_ZN12TicketSystem20calculateTicketPriceEP10ExhibitionP7Visitor
FNL:62,1544,1550
FNA:62,70,_ZN12TicketSystem14processPaymentEdPKc
FNL:63,1551,1559
FNA:63,90,_ZN12TicketSystem13transferMoneyEPKcS1_d
FNL:64,1560,1565
FNA:64,70,_ZN12TicketSystem14verifyPasswordEPKcS1_
FNL:65,1566,1571
FNA:65,20,_ZN12TicketSystem27checkExhibitionAvailabilityEP10Exhibition
FNL:66,157,159
FNA:66,10,_ZN11GalleryTool9cleanToolEv
FNL:67,1572,1577
FNA:67,60,_ZN12TicketSystem11reserveSeatEP7Visitori
FNL:68,1578,1583
FNA:68,50,_ZN12TicketSystem21cancelSeatReservationEi
FNL:69,1584,1593
FNA:69,50,_ZN12TicketSystem19calculateBaggageFeeEd
FNL:70,1594,1599
FNA:70,20,_ZN12TicketSystem20checkVisaRequirementEP7VisitorP10Exhibition
FNL:71,160,163
FNA:71,80,_ZN11GalleryTool9breakToolEv
FNL:72,1600,1601
FNA:72,40,_ZNK12TicketSystem15getTotalRevenueEv
FNL:73,1603,1604
FNA:73,20,_ZNK12TicketSystem16getTotalBookingsEv
FNL:74,1606,1607
FNA:74,10,_ZNK12TicketSystem14isSystemActiveEv
FNL:75,164,165
FNA:75,650,_ZNK11GalleryTool11isAvailableEv
FNL:76,167,168
FNA:76,10,_ZNK11GalleryTool7getNameEv
FNL:77,17,18
FNA:77,0,_ZNK9Dimension10isStandardEv
FNL:78,170,172
FNA:78,1290,_ZN5FrameC1EPKcbii
FNA:78,1290,_ZN5FrameC2EPKcbii
FNL:79,173,175
FNA:79,20,_ZN5Frame13addProtectionEv
FNL:80,176,178
FNA:80,10,_ZN5Frame16removeProtectionEv
FNL:81,179,180
FNA:81,80,_ZNK5Frame10canProtectEv
FNL:82,182,183
FNA:82,10,_ZNK5Frame8getWidthEv
FNL:83,185,196
FNA:83,40,_ZNK5Frame21calculateComfortScoreEv
FNL:84,198,203
FNA:84,60,_ZNK5Frame20isSuitableForArtworkEd
FNL:85,20,23
FNA:85,50,_ZNK9Dimension15fromCentimetersEd
FNL:86,204,207
FNA:86,50,_ZN5Frame14adjustPositionEi
FNL:87,208,210
FNA:87,1410,_ZN8LightingC1EPKcbbi
FNA:87,1410,_ZN8LightingC2EPKcbbi
FNL:88,211,213
FNA:88,10,_ZN8Lighting3dimEv
FNL:89,214,216
FNA:89,160,_ZN8Lighting8brightenEv
FNL:90,217,218
FNA:90,50,_ZNK8Lighting16isSafeForArtworkEv
FNL:91,220,221
FNA:91,20,_ZNK8Lighting5isLEDEv
FNL:92,223,228
FNA:92,50,_ZNK8Lighting25calculatePowerConsumptionEv
FNL:93,229,233
FNA:93,50,_ZN8Lighting13setBrightnessEi
FNL:94,234,235
FNA:94,30,_ZNK8Lighting20meetsSafetyStandardsEv
FNL:95,237,239
FNA:95,600,_ZN14SecurityCameraC1EPKcdbb
FNA:95,600,_ZN14SecurityCameraC2EPKcdbb
FNL:96,24,30
FNA:96,10,_ZNK9Dimension9convertToEdPS_
FNL:97,240,247
FNA:97,90,_ZN14SecurityCamera14startRecordingEv
FNL:98,248,251
FNA:98,20,_ZN14SecurityCamera13stopRecordingEv
FNL:99,252,253
FNA:99,30,_ZNK14SecurityCamera11isRecordingEv
FNL:100,255,256
FNA:100,30,_ZNK14SecurityCamera8getAngleEv
FNL:101,258,262
FNA:101,40,_ZN14SecurityCamera11adjustAngleEd
FNL:102,263,269
FNA:102,70,_ZNK14SecurityCamera21calculateCoverageAreaEd
FNL:103,270,276
FNA:103,50,_ZNK14SecurityCamera14canMonitorAreaEd
FNL:104,277,279
FNA:104,750,_ZN12DisplayStandC1EPKcdbb
FNA:104,750,_ZN12DisplayStandC2EPKcdbb
FNL:105,280,286
FNA:105,140,_ZN12DisplayStand12startDisplayEv
FNL:106,287,289
FNA:106,10,_ZN12DisplayStand11stopDisplayEv
FNL:107,290,291
FNA:107,70,_ZNK12DisplayStand10canDisplayEd
FNL:108,293,294
FNA:108,20,_ZNK12DisplayStand13checkHasCoverEv
FNL:109,296,301
FNA:109,30,_ZNK12DisplayStand20calculateDisplayTimeEi
FNL:110,3,4
FNA:110,140,_ZN9DimensionC1EPKcdbi
FNA:110,140,_ZN9DimensionC2EPKcdbi
FNL:111,302,304
FNA:111,30,_ZNK12DisplayStand20canHandleVisitorLoadEi
FNL:112,306,311
FNA:112,20,_ZNK12DisplayStand20calculateUtilizationEv
FNL:113,31,32
FNA:113,20,_ZNK9Dimension18validateConversionEd
FNL:114,312,313
FNA:114,1840,_ZN5TimerC1Eibii
FNA:114,1840,_ZN5TimerC2Eibii
FNL:115,314,321
FNA:115,340,_ZN5Timer5startEi
FNL:116,322,330
FNA:116,1990,_ZN5Timer4tickEi
FNL:117,331,332
FNA:117,2100,_ZNK5Timer10isFinishedEv
FNL:118,334,335
FNA:118,30,_ZNK5Timer10getElapsedEv
FNL:119,337,338
FNA:119,50,_ZNK5Timer9isRunningEv
FNL:120,34,35
FNA:120,3200,_ZN4SizeC1EdP9Dimensionbi
FNA:120,3200,_ZN4SizeC2EdP9Dimensionbi
FNL:121,340,345
FNA:121,20,_ZNK5Timer22calculateRemainingTimeEv
FNL:122,346,349
FNA:122,10,_ZN5Timer5resetEv
FNL:123,350,352
FNA:123,20,_ZN5Timer5pauseEv
FNL:124,353,357
FNA:124,20,_ZN5Timer6resumeEv
FNL:125,358,360
FNA:125,330,_ZN14RestorationKitC1EPKcb
FNA:125,330,_ZN14RestorationKitC2EPKcb
FNL:126,36,41
FNA:126,510,_ZNK4Size13toCentimetersEv
FNL:127,361,364
FNA:127,60,_ZN14RestorationKit5equipEv
FNL:128,366,369
FNA:128,30,_ZN14RestorationKit7unequipEv
FNL:129,371,383
FNA:129,30,_ZN14RestorationKit7restoreEv
FNL:130,384,385
FNA:130,70,_ZNK14RestorationKit10isEquippedEv
FNL:131,387,392
FNA:131,20,_ZNK14RestorationKit30calculateRestorationEfficiencyEv
FNL:132,393,394
FNA:132,20,_ZNK14RestorationKit16hasRequiredToolsEi
FNL:133,396,398
FNA:133,110,_ZN11CleaningKitC1EPKci
FNA:133,110,_ZN11CleaningKitC2EPKci
FNL:134,399,405
FNA:134,60,_ZN11CleaningKit5cleanEv
FNL:135,406,407
FNA:135,10,_ZNK11CleaningKit5getIdEv
FNL:136,409,410
FNA:136,660,_ZN16ConditionProfileC1Eddib
FNA:136,660,_ZN16ConditionProfileC2Eddib
FNL:137,411,417
FNA:137,390,_ZNK16ConditionProfile11currentTempEi
FNL:138,418,419
FNA:138,50,_ZNK16ConditionProfile9isReachedEd
FNL:139,42,44
FNA:139,440,_ZN4Size5scaleEd
FNL:140,421,425
FNA:140,170,_ZN16ConditionProfile5resetEddi
FNL:141,426,427
FNA:141,10,_ZNK16ConditionProfile11getDurationEv
FNL:142,429,434
FNA:142,10,_ZNK16ConditionProfile30calculateTemperatureChangeRateEv
FNL:143,435,436
FNA:143,10,_ZNK16ConditionProfile14isValidProfileEv
FNL:144,438,444
FNA:144,10,_ZNK16ConditionProfile26getEstimatedCompletionTimeEi
FNL:145,445,454
FNA:145,520,_ZN14ClimateControlC1Edbb
FNA:145,520,_ZN14ClimateControlC2Edbb
FNL:146,45,46
FNA:146,10,_ZNK4Size6isZeroEv
FNL:147,455,469
FNA:147,200,_ZN14ClimateControl13setConditionsEdi
FNL:148,470,473
FNA:148,40,_ZN14ClimateControl7turnOffEv
FNL:149,474,476
FNA:149,20,_ZN14ClimateControl9closeDoorEv
FNL:150,477,479
FNA:150,10,_ZN14ClimateControl8openDoorEv
FNL:151,48,49
FNA:151,10,_ZNK4Size8getValueEv
FNL:152,480,485
FNA:152,80,_ZN14ClimateControl15setTimerMinutesEi
FNL:153,486,496
FNA:153,320,_ZN14ClimateControl4tickEi
FNL:154,497,498
FNA:154,330,_ZNK14ClimateControl4isOnEv
FNL:155,5,6
FNA:155,530,_ZNK9Dimension13toCentimetersEd
FNL:156,500,501
FNA:156,50,_ZNK14ClimateControl14getTemperatureEv
FNL:157,503,504
FNA:157,20,_ZNK14ClimateControl12isDoorClosedEv
FNL:158,506,508
FNA:158,20,_ZN14ClimateControl11setHumidityEd
FNL:159,509,511
FNA:159,20,_ZN14ClimateControl13activateAlarmEv
FNL:160,51,52
FNA:160,20,_ZNK4Size13isApproximateEv
FNL:161,512,513
FNA:161,30,_ZNK14ClimateControl13isAlarmActiveEv
FNL:162,515,516
FNA:162,40,_ZNK14ClimateControl11getHumidityEv
FNL:163,518,519
FNA:163,0,_ZNK14ClimateControl17getTargetHumidityEv
FNL:164,521,526
FNA:164,10,_ZNK14ClimateControl26calculateEnergyConsumptionEv
FNL:165,527,528
FNA:165,10,_ZNK14ClimateControl16isOptimalClimateEv
FNL:166,530,536
FNA:166,60,_ZN14ClimateControl26adjustTemperatureGraduallyEdi
FNL:167,537,538
FNA:167,10,_ZNK14ClimateControl28calculateMaintenanceScheduleEv
FNL:168,54,60
FNA:168,10,_ZNK4Size18convertToDimensionEP9Dimension
FNL:169,540,541
FNA:169,250,_ZN14SecuritySystemC1Eiibb
FNA:169,250,_ZN14SecuritySystemC2Eiibb
FNL:170,542,547
FNA:170,80,_ZN14SecuritySystem12activateZoneEv
FNL:171,548,555
FNA:171,30,_ZN14SecuritySystem14deactivateZoneEv
FNL:172,556,557
FNA:172,100,_ZNK14SecuritySystem9freeZonesEv
FNL:173,559,560
FNA:173,20,_ZNK14SecuritySystem4isOnEv
FNL:174,562,564
FNA:174,10,_ZN14SecuritySystem16activateAllZonesEv
FNL:175,565,567
FNA:175,10,_ZN14SecuritySystem18deactivateAllZonesEv
FNL:176,568,569
FNA:176,30,_ZNK14SecuritySystem19checkSecurityBreachEv
FNL:177,571,576
FNA:177,40,_ZNK14SecuritySystem25calculateSecurityCoverageEv
FNL:178,577,577
FNA:178,1590,_ZN10ExhibitionC2EPKc
FNL:179,578,588
FNA:179,300,_ZN18PaintingExhibitionC1EPKcP7ArtworkS3_P5FrameP8LightingP5TimerP7Curator
FNA:179,300,_ZN18PaintingExhibitionC2EPKcP7ArtworkS3_P5FrameP8LightingP5TimerP7Curator
FNL:180,589,594
FNA:180,70,_ZN18PaintingExhibition8organizeEv
FNL:181,595,601
FNA:181,50,_ZN19SculptureExhibitionC1EPKcP7ArtworkP12DisplayStandP8LightingP5FrameP7Curator
FNA:181,50,_ZN19SculptureExhibitionC2EPKcP7ArtworkP12DisplayStandP8LightingP5FrameP7Curator
FNL:182,602,607
FNA:182,50,_ZN19SculptureExhibition8organizeEv
FNL:183,608,617
FNA:183,70,_ZN21PhotographyExhibitionC1EPKcP7ArtworkS3_P5FrameP8LightingP14SecurityCameraP5TimerP7Curator
FNA:183,70,_ZN21PhotographyExhibitionC2EPKcP7ArtworkS3_P5FrameP8LightingP14SecurityCameraP5TimerP7Curator
FNL:184,61,64
FNA:184,10,_ZNK4Size19calculateDifferenceERKS_
FNL:185,618,623
FNA:185,70,_ZN21PhotographyExhibition8organizeEv
FNL:186,624,636
FNA:186,80,_ZN20MixedMediaExhibitionC1EPKcP7ArtworkS3_S3_P12DisplayStandP8LightingP5FrameP5TimerP14RestorationKitP7Curator
FNA:186,80,_ZN20MixedMediaExhibitionC2EPKcP7ArtworkS3_S3_P12DisplayStandP8LightingP5FrameP5TimerP14RestorationKitP7Curator
FNL:187,637,642
FNA:187,80,_ZN20MixedMediaExhibition8organizeEv
FNL:188,643,652
FNA:188,70,_ZN20DigitalArtExhibitionC1EPKcP7ArtworkS3_P12DisplayStandP8LightingP14SecurityCameraP5TimerP7Curator
FNA:188,70,_ZN20DigitalArtExhibitionC2EPKcP7ArtworkS3_P12DisplayStandP8LightingP14SecurityCameraP5TimerP7Curator
FNL:189,653,658
FNA:189,70,_ZN20DigitalArtExhibition8organizeEv
FNL:190,659,667
FNA:190,40,_ZN17VintageExhibitionC1EPKcP7ArtworkS3_P5FrameP14ClimateControlP14RestorationKitP7Curator
FNA:190,40,_ZN17VintageExhibitionC2EPKcP7ArtworkS3_P5FrameP14ClimateControlP14RestorationKitP7Curator
FNL:191,66,67
FNA:191,3090,_ZN7ArtworkC1EPKcRK4Sizedb
FNA:191,3090,_ZN7ArtworkC2EPKcRK4Sizedb
FNL:192,668,673
FNA:192,40,_ZN17VintageExhibition8organizeEv
FNL:193,674,683
FNA:193,60,_ZN22ContemporaryExhibitionC1EPKcP7ArtworkS3_P12DisplayStandP8LightingP14SecurityCameraP5TimerP7Curator
FNA:193,60,_ZN22ContemporaryExhibitionC2EPKcP7ArtworkS3_P12DisplayStandP8LightingP14SecurityCameraP5TimerP7Curator
FNL:194,68,75
FNA:194,30,_ZN7Artwork7addSizeEd
FNL:195,684,689
FNA:195,60,_ZN22ContemporaryExhibition8organizeEv
FNL:196,690,695
FNA:196,60,_ZN20MinimalistExhibitionC1EPKcP7ArtworkP5FrameP8LightingP7Curator
FNA:196,60,_ZN20MinimalistExhibitionC2EPKcP7ArtworkP5FrameP8LightingP7Curator
FNL:197,696,701
FNA:197,60,_ZN20MinimalistExhibition8organizeEv
FNL:198,702,711
FNA:198,70,_ZN18AbstractExhibitionC1EPKcP7ArtworkS3_P12DisplayStandP8LightingP5FrameP5TimerP7Curator
FNA:198,70,_ZN18AbstractExhibitionC2EPKcP7ArtworkS3_P12DisplayStandP8LightingP5FrameP5TimerP7Curator
FNL:199,712,717
FNA:199,70,_ZN18AbstractExhibition8organizeEv
FNL:200,718,726
FNA:200,70,_ZN18PortraitExhibitionC1EPKcP7ArtworkS3_P5FrameP8LightingP14SecurityCameraP7Curator
FNA:200,70,_ZN18PortraitExhibitionC2EPKcP7ArtworkS3_P5FrameP8LightingP14SecurityCameraP7Curator
FNL:201,727,732
FNA:201,70,_ZN18PortraitExhibition8organizeEv
FNL:202,733,741
FNA:202,60,_ZN19LandscapeExhibitionC1EPKcP7ArtworkS3_P5FrameP8LightingP5TimerP7Curator
FNA:202,60,_ZN19LandscapeExhibitionC2EPKcP7ArtworkS3_P5FrameP8LightingP5TimerP7Curator
FNL:203,742,747
FNA:203,60,_ZN19LandscapeExhibition8organizeEv
FNL:204,748,757
FNA:204,70,_ZN21RestorationExhibitionC1EPKcP7ArtworkP14RestorationKitP11CleaningKitP14ClimateControlP5TimerP7Curator
FNA:204,70,_ZN21RestorationExhibitionC2EPKcP7ArtworkP14RestorationKitP11CleaningKitP14ClimateControlP5TimerP7Curator
FNL:205,758,763
FNA:205,70,_ZN21RestorationExhibition8organizeEv
FNL:206,76,85
FNA:206,410,_ZN7Artwork7useSizeEd
FNL:207,764,773
FNA:207,80,_ZN19TemporaryExhibitionC1EPKcP7ArtworkS3_P12DisplayStandP8LightingP14SecurityCameraP5TimerP7Curator
FNA:207,80,_ZN19TemporaryExhibitionC2EPKcP7ArtworkS3_P12DisplayStandP8LightingP14SecurityCameraP5TimerP7Curator
FNL:208,774,779
FNA:208,80,_ZN19TemporaryExhibition8organizeEv
FNL:209,780,789
FNA:209,80,_ZN19PermanentExhibitionC1EPKcP7ArtworkS3_P5FrameP14ClimateControlP14SecuritySystemP5TimerP7Curator
FNA:209,80,_ZN19PermanentExhibitionC2EPKcP7ArtworkS3_P5FrameP14ClimateControlP14SecuritySystemP5TimerP7Curator
FNL:210,790,795
FNA:210,80,_ZN19PermanentExhibition8organizeEv
FNL:211,796,805
FNA:211,80,_ZN21InteractiveExhibitionC1EPKcP7ArtworkS3_P12DisplayStandP8LightingP14SecurityCameraP5TimerP7Curator
FNA:211,80,_ZN21InteractiveExhibitionC2EPKcP7ArtworkS3_P12DisplayStandP8LightingP14SecurityCameraP5TimerP7Curator
FNL:212,8,9
FNA:212,40,_ZNK9Dimension8isMetricEv
FNL:213,806,811
FNA:213,80,_ZN21InteractiveExhibition8organizeEv
FNL:214,812,822
FNA:214,80,_ZN18ThematicExhibitionC1EPKcP7ArtworkS3_S3_P5FrameP12DisplayStandP8LightingP5TimerP7Curator
FNA:214,80,_ZN18ThematicExhibitionC2EPKcP7ArtworkS3_S3_P5FrameP12DisplayStandP8LightingP5TimerP7Curator
FNL:215,823,828
FNA:215,80,_ZN18ThematicExhibition8organizeEv
FNL:216,829,838
FNA:216,80,_ZN23RetrospectiveExhibitionC1EPKcP7ArtworkS3_P5FrameP14ClimateControlP14RestorationKitP5TimerP7Curator
FNA:216,80,_ZN23RetrospectiveExhibitionC2EPKcP7ArtworkS3_P5FrameP14ClimateControlP14RestorationKitP5TimerP7Curator
FNL:217,839,844
FNA:217,80,_ZN23RetrospectiveExhibition8organizeEv
FNL:218,845,856
FNA:218,90,_ZN15GroupExhibitionC1EPKcP7ArtworkS3_S3_P12DisplayStandP8LightingP5FrameP14SecurityCameraP5TimerP7Curator
FNA:218,90,_ZN15GroupExhibitionC2EPKcP7ArtworkS3_S3_P12DisplayStandP8LightingP5FrameP14SecurityCameraP5TimerP7Curator
FNL:219,857,862
FNA:219,90,_ZN15GroupExhibition8organizeEv
FNL:220,86,87
FNA:220,40,_ZNK7Artwork9isFragileEv
FNL:221,863,872
FNA:221,70,_ZN14SoloExhibitionC1EPKcP7ArtworkS3_P5FrameP8LightingP12DisplayStandP5TimerP7Curator
FNA:221,70,_ZN14SoloExhibitionC2EPKcP7ArtworkS3_P5FrameP8LightingP12DisplayStandP5TimerP7Curator
FNL:222,873,878
FNA:222,70,_ZN14SoloExhibition8organizeEv
FNL:223,879,880
FNA:223,1350,_ZN7CuratorC1EPKc
FNA:223,1350,_ZN7CuratorC2EPKc
FNL:224,881,903
FNA:224,60,_ZN7Curator16organizePaintingEP18PaintingExhibition
FNL:225,89,91
FNA:225,40,_ZN7Artwork12authenticateEv
FNL:226,904,916
FNA:226,50,_ZN7Curator17organizeSculptureEP19SculptureExhibition
FNL:227,917,947
FNA:227,60,_ZN7Curator19organizePhotographyEP21PhotographyExhibition
FNL:228,92,94
FNA:228,10,_ZN7Artwork17setInsuranceValueEd
FNL:229,948,975
FNA:229,70,_ZN7Curator18organizeMixedMediaEP20MixedMediaExhibition
FNL:230,95,96
FNA:230,0,_ZNK7Artwork7getYearEv
FNL:231,976,1002
FNA:231,60,_ZN7Curator18organizeDigitalArtEP20DigitalArtExhibition
FNL:232,98,99
FNA:232,20,_ZNK7Artwork9getArtistEv
FNF:233
FNH:229
DA:3,280
DA:4,280
DA:5,530
DA:6,530
DA:8,40
DA:9,40
DA:11,20
DA:12,20
DA:14,10
DA:15,10
DA:16,10
DA:17,0
DA:18,0
DA:20,50
DA:21,50
DA:22,50
DA:23,50
DA:24,10
DA:25,10
DA:26,0
DA:28,10
DA:29,10
DA:30,10
DA:31,20
DA:32,20
DA:34,6400
DA:35,6400
DA:36,510
DA:37,510
DA:38,10
DA:40,500
DA:41,0
DA:42,440
DA:43,440
DA:44,440
DA:45,10
DA:46,10
DA:48,10
DA:49,10
DA:51,20
DA:52,20
DA:54,10
DA:55,10
DA:56,0
DA:58,10
DA:59,10
DA:60,10
DA:61,10
DA:62,10
DA:63,10
DA:64,10
DA:66,6180
DA:67,6180
DA:68,30
DA:69,30
DA:70,30
DA:71,30
DA:72,20
DA:73,20
DA:74,20
DA:75,30
DA:76,410
DA:77,410
DA:78,410
DA:79,10
DA:81,400
DA:82,390
DA:83,390
DA:84,390
DA:85,400
DA:86,40
DA:87,40
DA:89,40
DA:90,40
DA:91,40
DA:92,10
DA:93,10
DA:94,10
DA:95,0
DA:96,0
DA:98,20
DA:99,20
DA:101,10
DA:102,10
DA:104,10
DA:105,10
DA:107,20
DA:108,20
DA:110,40
DA:111,40
DA:112,40
DA:113,10
DA:114,10
DA:115,40
DA:116,40
DA:118,40
DA:119,40
DA:121,30
DA:122,30
DA:123,30
DA:125,0
DA:126,0
DA:127,0
DA:128,30
DA:129,10
DA:130,10
DA:131,10
DA:133,0
DA:134,0
DA:135,10
DA:136,30
DA:137,30
DA:138,20
DA:140,10
DA:141,10
DA:142,30
DA:143,4790
DA:144,4790
DA:145,460
DA:146,460
DA:147,50
DA:149,410
DA:150,410
DA:151,410
DA:152,30
DA:153,30
DA:154,30
DA:155,410
DA:156,410
DA:157,10
DA:158,10
DA:159,10
DA:160,80
DA:161,80
DA:162,80
DA:163,80
DA:164,650
DA:165,650
DA:167,10
DA:168,10
DA:170,2580
DA:171,1290
DA:172,2580
DA:173,20
DA:174,20
DA:175,20
DA:176,10
DA:177,10
DA:178,10
DA:179,80
DA:180,80
DA:182,10
DA:183,10
DA:185,40
DA:186,40
DA:187,40
DA:188,30
DA:189,30
DA:190,40
DA:191,20
DA:192,20
DA:193,40
DA:194,40
DA:195,40
DA:196,40
DA:198,60
DA:199,60
DA:200,20
DA:202,40
DA:203,60
DA:204,50
DA:205,50
DA:206,30
DA:207,50
DA:208,2820
DA:209,1410
DA:210,2820
DA:211,10
DA:212,10
DA:213,10
DA:214,160
DA:215,160
DA:216,160
DA:217,50
DA:218,50
DA:220,20
DA:221,20
DA:223,50
DA:224,50
DA:225,30
DA:227,20
DA:228,50
DA:229,50
DA:230,50
DA:231,30
DA:232,30
DA:233,50
DA:234,30
DA:235,30
DA:237,1200
DA:238,600
DA:239,1200
DA:240,90
DA:241,90
DA:242,10
DA:244,80
DA:245,80
DA:246,80
DA:247,80
DA:248,20
DA:249,20
DA:250,20
DA:251,20
DA:252,30
DA:253,30
DA:255,30
DA:256,30
DA:258,40
DA:259,40
DA:260,20
DA:261,20
DA:262,40
DA:263,70
DA:264,70
DA:265,20
DA:267,50
DA:268,50
DA:269,70
DA:270,50
DA:271,50
DA:272,30
DA:274,20
DA:275,20
DA:276,50
DA:277,1500
DA:278,750
DA:279,1500
DA:280,140
DA:281,140
DA:282,20
DA:284,120
DA:285,120
DA:286,120
DA:287,10
DA:288,10
DA:289,10
DA:290,70
DA:291,70
DA:293,20
DA:294,20
DA:296,30
DA:297,30
DA:298,20
DA:300,10
DA:301,30
DA:302,30
DA:303,30
DA:304,30
DA:306,20
DA:307,20
DA:308,0
DA:310,20
DA:311,20
DA:312,3680
DA:313,3680
DA:314,340
DA:315,340
DA:316,20
DA:318,320
DA:319,320
DA:320,320
DA:321,320
DA:322,1990
DA:323,1990
DA:324,1970
DA:325,1920
DA:326,1920
DA:327,210
DA:328,210
DA:329,210
DA:330,1990
DA:331,2100
DA:332,2100
DA:334,30
DA:335,30
DA:337,50
DA:338,50
DA:340,20
DA:341,20
DA:342,10
DA:344,10
DA:345,20
DA:346,10
DA:347,10
DA:348,10
DA:349,10
DA:350,20
DA:351,20
DA:352,20
DA:353,20
DA:354,20
DA:355,20
DA:356,20
DA:357,20
DA:358,660
DA:359,330
DA:360,660
DA:361,60
DA:362,60
DA:363,60
DA:364,60
DA:366,30
DA:367,30
DA:368,30
DA:369,30
DA:371,30
DA:372,30
DA:373,10
DA:374,10
DA:376,20
DA:377,10
DA:379,10
DA:380,10
DA:381,10
DA:382,10
DA:383,20
DA:384,70
DA:385,70
DA:387,20
DA:388,20
DA:389,10
DA:391,10
DA:392,20
DA:393,20
DA:394,20
DA:396,220
DA:397,110
DA:398,220
DA:399,60
DA:400,60
DA:401,10
DA:403,50
DA:404,50
DA:405,50
DA:406,10
DA:407,10
DA:409,1320
DA:410,1320
DA:411,390
DA:412,390
DA:413,320
DA:415,70
DA:416,70
DA:417,390
DA:418,50
DA:419,50
DA:421,170
DA:422,170
DA:423,170
DA:424,170
DA:425,170
DA:426,10
DA:427,10
DA:429,10
DA:430,10
DA:431,0
DA:433,10
DA:434,10
DA:435,10
DA:436,10
DA:438,10
DA:439,10
DA:440,0
DA:442,10
DA:443,10
DA:444,10
DA:445,1040
DA:446,520
DA:447,520
DA:448,520
DA:449,520
DA:450,520
DA:451,520
DA:452,520
DA:453,520
DA:454,1040
DA:455,200
DA:456,200
DA:457,30
DA:459,170
DA:460,10
DA:462,160
DA:463,20
DA:465,140
DA:466,140
DA:467,140
DA:468,140
DA:469,140
DA:470,40
DA:471,40
DA:472,40
DA:473,40
DA:474,20
DA:475,20
DA:476,20
DA:477,10
DA:478,10
DA:479,10
DA:480,80
DA:481,80
DA:482,30
DA:484,50
DA:485,50
DA:486,320
DA:487,320
DA:488,310
DA:489,300
DA:490,300
DA:491,300
DA:492,310
DA:493,310
DA:494,30
DA:495,30
DA:496,320
DA:497,330
DA:498,330
DA:500,50
DA:501,50
DA:503,20
DA:504,20
DA:506,20
DA:507,20
DA:508,20
DA:509,20
DA:510,20
DA:511,20
DA:512,30
DA:513,30
DA:515,40
DA:516,40
DA:518,0
DA:519,0
DA:521,10
DA:522,10
DA:523,0
DA:525,10
DA:526,10
DA:527,10
DA:528,10
DA:530,60
DA:531,60
DA:532,20
DA:533,20
DA:534,20
DA:535,20
DA:536,60
DA:537,10
DA:538,10
DA:540,500
DA:541,500
DA:542,80
DA:543,80
DA:544,70
DA:545,70
DA:546,70
DA:547,80
DA:548,30
DA:549,30
DA:550,20
DA:551,20
DA:552,0
DA:553,0
DA:554,20
DA:555,30
DA:556,100
DA:557,100
DA:559,20
DA:560,20
DA:562,10
DA:563,10
DA:564,10
DA:565,10
DA:566,10
DA:567,10
DA:568,30
DA:569,30
DA:571,40
DA:572,40
DA:573,10
DA:575,30
DA:576,40
DA:577,1590
DA:578,600
DA:585,300
DA:586,300
DA:587,300
DA:588,900
DA:589,70
DA:590,70
DA:591,10
DA:593,60
DA:594,60
DA:595,100
DA:601,100
DA:602,50
DA:603,50
DA:604,10
DA:606,40
DA:607,40
DA:608,140
DA:616,140
DA:617,210
DA:618,70
DA:619,70
DA:620,10
DA:622,60
DA:623,60
DA:624,160
DA:634,160
DA:635,80
DA:636,240
DA:637,80
DA:638,80
DA:639,10
DA:641,70
DA:642,70
DA:643,140
DA:651,140
DA:652,210
DA:653,70
DA:654,70
DA:655,10
DA:657,60
DA:658,60
DA:659,80
DA:666,80
DA:667,120
DA:668,40
DA:669,40
DA:670,10
DA:672,30
DA:673,30
DA:674,120
DA:682,120
DA:683,180
DA:684,60
DA:685,60
DA:686,10
DA:688,50
DA:689,50
DA:690,120
DA:695,120
DA:696,60
DA:697,60
DA:698,10
DA:700,50
DA:701,50
DA:702,140
DA:710,140
DA:711,210
DA:712,70
DA:713,70
DA:714,10
DA:716,60
DA:717,60
DA:718,140
DA:725,140
DA:726,210
DA:727,70
DA:728,70
DA:729,10
DA:731,60
DA:732,60
DA:733,120
DA:740,120
DA:741,180
DA:742,60
DA:743,60
DA:744,10
DA:746,50
DA:747,50
DA:748,140
DA:755,140
DA:756,70
DA:757,210
DA:758,70
DA:759,70
DA:760,10
DA:762,60
DA:763,60
DA:764,160
DA:772,160
DA:773,240
DA:774,80
DA:775,80
DA:776,10
DA:778,70
DA:779,70
DA:780,160
DA:788,160
DA:789,240
DA:790,80
DA:791,80
DA:792,10
DA:794,70
DA:795,70
DA:796,160
DA:804,160
DA:805,240
DA:806,80
DA:807,80
DA:808,10
DA:810,70
DA:811,70
DA:812,160
DA:821,160
DA:822,240
DA:823,80
DA:824,80
DA:825,10
DA:827,70
DA:828,70
DA:829,160
DA:837,160
DA:838,240
DA:839,80
DA:840,80
DA:841,10
DA:843,70
DA:844,70
DA:845,180
DA:855,180
DA:856,270
DA:857,90
DA:858,90
DA:859,10
DA:861,80
DA:862,80
DA:863,140
DA:871,140
DA:872,210
DA:873,70
DA:874,70
DA:875,10
DA:877,60
DA:878,60
DA:879,2700
DA:880,2700
DA:881,60
DA:882,60
DA:883,60
DA:884,40
DA:885,30
DA:886,10
DA:887,10
DA:888,10
DA:889,10
DA:890,10
DA:891,10
DA:892,10
DA:893,10
DA:894,10
DA:895,10
DA:896,10
DA:897,70
DA:898,60
DA:899,60
DA:900,60
DA:902,10
DA:903,10
DA:904,50
DA:905,50
DA:906,50
DA:907,30
DA:909,20
DA:910,20
DA:911,20
DA:912,20
DA:913,20
DA:914,20
DA:915,20
DA:916,20
DA:917,60
DA:918,60
DA:919,60
DA:920,20
DA:922,40
DA:923,20
DA:925,20
DA:926,10
DA:928,10
DA:929,10
DA:930,10
DA:931,10
DA:932,10
DA:933,10
DA:934,10
DA:935,10
DA:936,10
DA:937,10
DA:938,10
DA:939,10
DA:940,10
DA:941,100
DA:942,90
DA:943,90
DA:944,90
DA:946,10
DA:947,10
DA:948,70
DA:949,70
DA:950,70
DA:951,40
DA:953,30
DA:954,20
DA:955,10
DA:956,10
DA:957,10
DA:958,10
DA:959,10
DA:960,10
DA:961,10
DA:962,10
DA:963,10
DA:964,10
DA:965,10
DA:966,10
DA:967,10
DA:968,10
DA:969,100
DA:970,90
DA:971,90
DA:972,90
DA:974,10
DA:975,10
DA:976,60
DA:977,60
DA:978,60
DA:979,20
DA:981,40
DA:982,20
DA:983,10
DA:984,10
DA:985,10
DA:986,10
DA:987,10
DA:988,10
DA:989,10
DA:990,10
DA:991,10
DA:992,10
DA:993,10
DA:994,10
DA:995,10
DA:996,90
DA:997,80
DA:998,80
DA:999,80
DA:1001,10
DA:1002,10
DA:1003,30
DA:1004,30
DA:1005,30
DA:1006,20
DA:1008,10
DA:1009,10
DA:1010,10
DA:1011,10
DA:1012,10
DA:1013,10
DA:1014,10
DA:1015,10
DA:1016,240
DA:1017,240
DA:1018,240
DA:1019,240
DA:1020,240
DA:1022,10
DA:1023,10
DA:1024,10
DA:1025,0
DA:1027,10
DA:1028,0
DA:1030,10
DA:1031,10
DA:1032,50
DA:1033,50
DA:1034,50
DA:1035,20
DA:1037,30
DA:1038,20
DA:1039,10
DA:1040,10
DA:1041,10
DA:1042,10
DA:1043,10
DA:1044,10
DA:1045,10
DA:1046,10
DA:1047,10
DA:1048,10
DA:1049,10
DA:1050,100
DA:1051,90
DA:1052,90
DA:1053,90
DA:1055,10
DA:1056,10
DA:1057,60
DA:1058,60
DA:1059,60
DA:1060,30
DA:1062,30
DA:1063,10
DA:1065,20
DA:1066,20
DA:1067,20
DA:1068,20
DA:1069,20
DA:1070,20
DA:1071,20
DA:1072,20
DA:1073,60
DA:1074,60
DA:1075,60
DA:1076,20
DA:1078,40
DA:1079,30
DA:1080,10
DA:1081,10
DA:1082,10
DA:1083,10
DA:1084,10
DA:1085,10
DA:1086,10
DA:1087,10
DA:1088,10
DA:1089,110
DA:1090,100
DA:1091,100
DA:1092,100
DA:1094,10
DA:1095,10
DA:1096,70
DA:1097,70
DA:1098,70
DA:1099,30
DA:1101,40
DA:1102,30
DA:1103,20
DA:1104,20
DA:1105,20
DA:1106,20
DA:1107,20
DA:1108,20
DA:1109,20
DA:1110,20
DA:1111,50
DA:1112,50
DA:1113,50
DA:1114,20
DA:1116,30
DA:1117,10
DA:1118,10
DA:1119,10
DA:1120,10
DA:1121,10
DA:1122,10
DA:1123,10
DA:1124,10
DA:1125,10
DA:1126,110
DA:1127,100
DA:1128,100
DA:1129,100
DA:1131,10
DA:1132,10
DA:1133,60
DA:1134,60
DA:1135,60
DA:1136,40
DA:1137,30
DA:1138,20
DA:1139,10
DA:1140,10
DA:1141,10
DA:1142,10
DA:1143,10
DA:1144,10
DA:1145,10
DA:1146,10
DA:1147,10
DA:1148,10
DA:1149,10
DA:1150,10
DA:1151,10
DA:1152,10
DA:1153,130
DA:1154,120
DA:1155,120
DA:1156,120
DA:1158,10
DA:1159,10
DA:1160,70
DA:1161,70
DA:1162,70
DA:1163,20
DA:1165,50
DA:1166,30
DA:1167,20
DA:1168,10
DA:1169,10
DA:1170,10
DA:1171,10
DA:1172,10
DA:1173,10
DA:1174,10
DA:1175,10
DA:1176,10
DA:1177,10
DA:1178,130
DA:1179,120
DA:1180,120
DA:1181,120
DA:1183,10
DA:1184,10
DA:1185,70
DA:1186,70
DA:1187,70
DA:1188,20
DA:1190,50
DA:1191,30
DA:1192,20
DA:1193,10
DA:1194,10
DA:1195,10
DA:1196,10
DA:1197,10
DA:1198,10
DA:1199,10
DA:1200,10
DA:1201,10
DA:1202,10
DA:1203,10
DA:1204,10
DA:1205,10
DA:1206,110
DA:1207,100
DA:1208,100
DA:1209,100
DA:1211,10
DA:1212,10
DA:1213,70
DA:1214,70
DA:1215,70
DA:1216,20
DA:1218,50
DA:1219,40
DA:1220,20
DA:1221,10
DA:1222,10
DA:1223,10
DA:1224,10
DA:1225,10
DA:1226,10
DA:1227,10
DA:1228,10
DA:1229,10
DA:1230,10
DA:1231,130
DA:1232,120
DA:1233,120
DA:1234,120
DA:1236,10
DA:1237,10
DA:1238,70
DA:1239,70
DA:1240,70
DA:1241,30
DA:1243,40
DA:1244,20
DA:1245,10
DA:1246,10
DA:1247,10
DA:1248,10
DA:1249,10
DA:1250,10
DA:1251,10
DA:1252,10
DA:1253,10
DA:1254,10
DA:1255,10
DA:1256,130
DA:1257,120
DA:1258,120
DA:1259,120
DA:1261,10
DA:1262,10
DA:1263,70
DA:1264,70
DA:1265,70
DA:1266,20
DA:1268,50
DA:1269,30
DA:1270,20
DA:1271,10
DA:1272,10
DA:1273,10
DA:1274,10
DA:1275,10
DA:1276,10
DA:1277,10
DA:1278,10
DA:1279,10
DA:1280,10
DA:1281,10
DA:1282,10
DA:1283,130
DA:1284,120
DA:1285,120
DA:1286,120
DA:1288,10
DA:1289,10
DA:1290,80
DA:1291,80
DA:1292,80
DA:1293,40
DA:1295,40
DA:1296,30
DA:1297,20
DA:1298,10
DA:1299,10
DA:1300,10
DA:1301,10
DA:1302,10
DA:1303,10
DA:1304,10
DA:1305,10
DA:1306,10
DA:1307,10
DA:1308,10
DA:1309,10
DA:1310,150
DA:1311,140
DA:1312,140
DA:1313,140
DA:1315,10
DA:1316,10
DA:1317,60
DA:1318,60
DA:1319,60
DA:1320,20
DA:1322,40
DA:1323,20
DA:1324,10
DA:1325,10
DA:1326,10
DA:1327,10
DA:1328,10
DA:1329,10
DA:1330,10
DA:1331,10
DA:1332,10
DA:1333,10
DA:1334,120
DA:1335,110
DA:1336,110
DA:1337,110
DA:1339,10
DA:1340,10
DA:1341,620
DA:1342,620
DA:1343,10
DA:1344,10
DA:1345,10
DA:1346,10
DA:1347,20
DA:1348,20
DA:1349,10
DA:1351,10
DA:1352,10
DA:1353,30
DA:1354,30
DA:1355,10
DA:1357,20
DA:1358,20
DA:1359,20
DA:1360,80
DA:1361,80
DA:1362,80
DA:1363,80
DA:1364,10
DA:1365,10
DA:1366,10
DA:1367,10
DA:1368,20
DA:1369,20
DA:1371,0
DA:1372,0
DA:1374,10
DA:1375,10
DA:1377,20
DA:1378,20
DA:1380,10
DA:1381,10
DA:1383,20
DA:1384,20
DA:1385,0
DA:1387,20
DA:1388,20
DA:1389,20
DA:1390,20
DA:1391,0
DA:1392,20
DA:1393,10
DA:1395,10
DA:1396,20
DA:1397,20
DA:1398,20
DA:1399,0
DA:1401,20
DA:1402,20
DA:1403,20
DA:1404,20
DA:1405,10
DA:1407,10
DA:1408,20
DA:1409,20
DA:1410,20
DA:1411,10
DA:1413,10
DA:1414,20
DA:1415,10
DA:1416,10
DA:1418,240
DA:1419,6120
DA:1420,6000
DA:1421,6000
DA:1422,240
DA:1423,60
DA:1424,60
DA:1425,120
DA:1426,60
DA:1427,60
DA:1428,60
DA:1429,60
DA:1430,120
DA:1431,120
DA:1432,120
DA:1433,120
DA:1434,120
DA:1435,120
DA:1436,10
DA:1437,10
DA:1438,10
DA:1439,30
DA:1440,50
DA:1441,60
DA:1442,60
DA:1443,60
DA:1444,60
DA:1445,10
DA:1446,10
DA:1448,50
DA:1449,20
DA:1450,20
DA:1452,30
DA:1453,10
DA:1454,10
DA:1456,20
DA:1457,20
DA:1458,20
DA:1460,30
DA:1461,20
DA:1462,20
DA:1464,20
DA:1465,20
DA:1467,30
DA:1468,30
DA:1469,70
DA:1470,40
DA:1471,30
DA:1472,30
DA:1473,40
DA:1474,30
DA:1476,10
DA:1477,10
DA:1478,20
DA:1479,10
DA:1480,10
DA:1481,10
DA:1482,10
DA:1483,10
DA:1485,10
DA:1486,20
DA:1487,20
DA:1488,10
DA:1489,10
DA:1490,10
DA:1491,10
DA:1492,10
DA:1493,10
DA:1494,10
DA:1495,10
DA:1496,40
DA:1497,40
DA:1498,20
DA:1500,20
DA:1501,40
DA:1502,70
DA:1503,70
DA:1505,10
DA:1506,10
DA:1508,10
DA:1509,10
DA:1511,10
DA:1512,10
DA:1514,680
DA:1515,340
DA:1516,680
DA:1517,70
DA:1518,70
DA:1519,30
DA:1521,40
DA:1522,0
DA:1524,40
DA:1525,40
DA:1526,40
DA:1527,40
DA:1528,70
DA:1529,30
DA:1530,30
DA:1531,20
DA:1533,10
DA:1534,10
DA:1535,30
DA:1536,30
DA:1537,30
DA:1538,20
DA:1540,10
DA:1541,10
DA:1542,10
DA:1543,30
DA:1544,70
DA:1545,70
DA:1546,30
DA:1548,40
DA:1549,40
DA:1550,70
DA:1551,90
DA:1552,90
DA:1553,40
DA:1555,50
DA:1556,40
DA:1558,10
DA:1559,90
DA:1560,70
DA:1561,70
DA:1562,20
DA:1564,50
DA:1565,70
DA:1566,20
DA:1567,20
DA:1568,10
DA:1570,10
DA:1571,20
DA:1572,60
DA:1573,60
DA:1574,30
DA:1576,30
DA:1577,60
DA:1578,50
DA:1579,50
DA:1580,20
DA:1582,30
DA:1583,50
DA:1584,50
DA:1585,50
DA:1586,20
DA:1588,30
DA:1589,10
DA:1591,20
DA:1592,20
DA:1593,50
DA:1594,20
DA:1595,20
DA:1596,20
DA:1598,0
DA:1599,20
DA:1600,40
DA:1601,40
DA:1603,20
DA:1604,20
DA:1606,10
DA:1607,10
LF:1295
LH:1266
end_of_record
TN:
SF:/Users/jamesmaxwell/student/sem3/ppois/lab2/gallery.hpp
FNL:0,106
FNA:0,0,_ZN28UnderexposedArtworkExceptionD0Ev
FNA:0,0,_ZN28UnderexposedArtworkExceptionD1Ev
FNA:0,0,_ZN28UnderexposedArtworkExceptionD2Ev
FNL:1,113,113
FNA:1,0,_ZN28UnderexposedArtworkExceptionC1EPKc
FNA:1,0,_ZN28UnderexposedArtworkExceptionC2EPKc
FNL:2,120
FNA:2,0,_ZN16StorageExceptionD0Ev
FNA:2,10,_ZN16StorageExceptionD1Ev
FNA:2,10,_ZN16StorageExceptionD2Ev
FNL:3,127,127
FNA:3,10,_ZN16StorageExceptionC1EPKc
FNA:3,10,_ZN16StorageExceptionC2EPKc
FNL:4,1380,1380
FNA:4,0,_ZN10ExhibitionD0Ev
FNA:4,0,_ZN10ExhibitionD1Ev
FNA:4,1590,_ZN10ExhibitionD2Ev
FNL:5,1392,1393
FNA:5,1300,_ZNK10Exhibition7getNameEv
FNL:6,1437
FNA:6,0,_ZN18PaintingExhibitionD0Ev
FNA:6,300,_ZN18PaintingExhibitionD1Ev
FNA:6,300,_ZN18PaintingExhibitionD2Ev
FNL:7,1479
FNA:7,0,_ZN19SculptureExhibitionD0Ev
FNA:7,50,_ZN19SculptureExhibitionD1Ev
FNA:7,50,_ZN19SculptureExhibitionD2Ev
FNL:8,1518
FNA:8,0,_ZN21PhotographyExhibitionD0Ev
FNA:8,70,_ZN21PhotographyExhibitionD1Ev
FNA:8,70,_ZN21PhotographyExhibitionD2Ev
FNL:9,1563
FNA:9,0,_ZN20MixedMediaExhibitionD0Ev
FNA:9,80,_ZN20MixedMediaExhibitionD1Ev
FNA:9,80,_ZN20MixedMediaExhibitionD2Ev
FNL:10,1614
FNA:10,0,_ZN20DigitalArtExhibitionD0Ev
FNA:10,70,_ZN20DigitalArtExhibitionD1Ev
FNA:10,70,_ZN20DigitalArtExhibitionD2Ev
FNL:11,162
FNA:11,0,_ZN26InsufficientSpaceExceptionD0Ev
FNA:11,30,_ZN26InsufficientSpaceExceptionD1Ev
FNA:11,30,_ZN26InsufficientSpaceExceptionD2Ev
FNL:12,1659
FNA:12,0,_ZN17VintageExhibitionD0Ev
FNA:12,40,_ZN17VintageExhibitionD1Ev
FNA:12,40,_ZN17VintageExhibitionD2Ev
FNL:13,169,169
FNA:13,30,_ZN26InsufficientSpaceExceptionC1EPKc
FNA:13,30,_ZN26InsufficientSpaceExceptionC2EPKc
FNL:14,1701
FNA:14,0,_ZN22ContemporaryExhibitionD0Ev
FNA:14,60,_ZN22ContemporaryExhibitionD1Ev
FNA:14,60,_ZN22ContemporaryExhibitionD2Ev
FNL:15,1746
FNA:15,0,_ZN20MinimalistExhibitionD0Ev
FNA:15,60,_ZN20MinimalistExhibitionD1Ev
FNA:15,60,_ZN20MinimalistExhibitionD2Ev
FNL:16,176
FNA:16,0,_ZN22InvalidAccessExceptionD0Ev
FNA:16,10,_ZN22InvalidAccessExceptionD1Ev
FNA:16,10,_ZN22InvalidAccessExceptionD2Ev
FNL:17,1782
FNA:17,0,_ZN18AbstractExhibitionD0Ev
FNA:17,70,_ZN18AbstractExhibitionD1Ev
FNA:17,70,_ZN18AbstractExhibitionD2Ev
FNL:18,1827
FNA:18,0,_ZN18PortraitExhibitionD0Ev
FNA:18,70,_ZN18PortraitExhibitionD1Ev
FNA:18,70,_ZN18PortraitExhibitionD2Ev
FNL:19,183,183
FNA:19,10,_ZN22InvalidAccessExceptionC1EPKc
FNA:19,10,_ZN22InvalidAccessExceptionC2EPKc
FNL:20,1869
FNA:20,0,_ZN19LandscapeExhibitionD0Ev
FNA:20,60,_ZN19LandscapeExhibitionD1Ev
FNA:20,60,_ZN19LandscapeExhibitionD2Ev
FNL:21,1911
FNA:21,0,_ZN21RestorationExhibitionD0Ev
FNA:21,70,_ZN21RestorationExhibitionD1Ev
FNA:21,70,_ZN21RestorationExhibitionD2Ev
FNL:22,1953
FNA:22,0,_ZN19TemporaryExhibitionD0Ev
FNA:22,80,_ZN19TemporaryExhibitionD1Ev
FNA:22,80,_ZN19TemporaryExhibitionD2Ev
FNL:23,1998
FNA:23,0,_ZN19PermanentExhibitionD0Ev
FNA:23,80,_ZN19PermanentExhibitionD1Ev
FNA:23,80,_ZN19PermanentExhibitionD2Ev
FNL:24,2043
FNA:24,0,_ZN21InteractiveExhibitionD0Ev
FNA:24,80,_ZN21InteractiveExhibitionD1Ev
FNA:24,80,_ZN21InteractiveExhibitionD2Ev
FNL:25,2088
FNA:25,0,_ZN18ThematicExhibitionD0Ev
FNA:25,80,_ZN18ThematicExhibitionD1Ev
FNA:25,80,_ZN18ThematicExhibitionD2Ev
FNL:26,2136
FNA:26,0,_ZN23RetrospectiveExhibitionD0Ev
FNA:26,80,_ZN23RetrospectiveExhibitionD1Ev
FNA:26,80,_ZN23RetrospectiveExhibitionD2Ev
FNL:27,2181
FNA:27,0,_ZN15GroupExhibitionD0Ev
FNA:27,90,_ZN15GroupExhibitionD1Ev
FNA:27,90,_ZN15GroupExhibitionD2Ev
FNL:28,22,29
FNA:28,0,_ZN24ArtworkNotFoundExceptionD0Ev
FNA:28,350,_ZN24ArtworkNotFoundExceptionD1Ev
FNA:28,350,_ZN24ArtworkNotFoundExceptionD2Ev
FNL:29,2232
FNA:29,0,_ZN14SoloExhibitionD0Ev
FNA:29,70,_ZN14SoloExhibitionD1Ev
FNA:29,70,_ZN14SoloExhibitionD2Ev
FNL:30,29,29
FNA:30,350,_ZN24ArtworkNotFoundExceptionC1EPKc
FNA:30,350,_ZN24ArtworkNotFoundExceptionC2EPKc
FNL:31,36
FNA:31,0,_ZN25NotEnoughArtworkExceptionD0Ev
FNA:31,10,_ZN25NotEnoughArtworkExceptionD1Ev
FNA:31,10,_ZN25NotEnoughArtworkExceptionD2Ev
FNL:32,43,43
FNA:32,10,_ZN25NotEnoughArtworkExceptionC1EPKc
FNA:32,10,_ZN25NotEnoughArtworkExceptionC2EPKc
FNL:33,50
FNA:33,0,_ZN25ToolNotAvailableExceptionD0Ev
FNA:33,720,_ZN25ToolNotAvailableExceptionD1Ev
FNA:33,720,_ZN25ToolNotAvailableExceptionD2Ev
FNL:34,57,57
FNA:34,720,_ZN25ToolNotAvailableExceptionC1EPKc
FNA:34,720,_ZN25ToolNotAvailableExceptionC2EPKc
FNL:35,64
FNA:35,0,_ZN25InvalidConditionExceptionD0Ev
FNA:35,60,_ZN25InvalidConditionExceptionD1Ev
FNA:35,60,_ZN25InvalidConditionExceptionD2Ev
FNL:36,71,71
FNA:36,60,_ZN25InvalidConditionExceptionC1EPKc
FNA:36,60,_ZN25InvalidConditionExceptionC2EPKc
FNL:37,78
FNA:37,0,_ZN20TimerNotSetExceptionD0Ev
FNA:37,200,_ZN20TimerNotSetExceptionD1Ev
FNA:37,200,_ZN20TimerNotSetExceptionD2Ev
FNL:38,85,85
FNA:38,200,_ZN20TimerNotSetExceptionC1EPKc
FNA:38,200,_ZN20TimerNotSetExceptionC2EPKc
FNL:39,92
FNA:39,0,_ZN27OverexposedArtworkExceptionD0Ev
FNA:39,0,_ZN27OverexposedArtworkExceptionD1Ev
FNA:39,0,_ZN27OverexposedArtworkExceptionD2Ev
FNL:40,99,99
FNA:40,0,_ZN27OverexposedArtworkExceptionC1EPKc
FNA:40,0,_ZN27OverexposedArtworkExceptionC2EPKc
FNF:41
FNH:37
DA:29,700
DA:43,20
DA:57,1440
DA:71,120
DA:85,400
DA:99,0
DA:113,0
DA:127,20
DA:169,60
DA:183,20
DA:1380,1590
DA:1392,1300
DA:1393,1300
LF:13
LH:11
end_of_record
TN:
SF:/Users/jamesmaxwell/student/sem3/ppois/lab2/main.cpp
FNL:0,141,304
FNA:0,0,_Z16runGallerySystemb
FNL:1,17,18
FNA:1,0,_ZN12_GLOBAL__N_113createArtworkEPKcddbP9Dimensioni
FNL:2,21,25
FNA:2,0,_ZN12_GLOBAL__N_120initializeDimensionsER9DimensionS1_S1_
FNL:3,27,85
FNA:3,0,_ZN12_GLOBAL__N_127initializeArtworkCollectionERNSt3__16vectorI7ArtworkNS0_9allocatorIS2_EEEEP9Dimension
FNL:4,87,129
FNA:4,0,_ZN12_GLOBAL__N_115initializeToolsERNSt3__16vectorI5FrameNS0_9allocatorIS2_EEEERNS1_I8LightingNS3_IS7_EEEERNS1_I14SecurityCameraNS3_ISB_EEEERNS1_I12DisplayStandNS3_ISF_EEEERNS1_I14RestorationKitNS3_ISJ_EEEERNS1_I11CleaningKitNS3_ISN_EEEERNS1_I14ClimateControlNS3_ISR_EEEERNS1_I14SecuritySystemNS3_ISV_EEEERNS1_I5TimerNS3_ISZ_EEEE
FNF:5
FNH:0
DA:17,0
DA:18,0
DA:21,0
DA:22,0
DA:23,0
DA:24,0
DA:25,0
DA:27,0
DA:33,0
DA:74,0
DA:75,0
DA:76,0
DA:77,0
DA:78,0
DA:79,0
DA:80,0
DA:81,0
DA:82,0
DA:84,0
DA:85,0
DA:87,0
DA:98,0
DA:99,0
DA:100,0
DA:102,0
DA:103,0
DA:104,0
DA:106,0
DA:107,0
DA:108,0
DA:110,0
DA:111,0
DA:112,0
DA:114,0
DA:115,0
DA:117,0
DA:118,0
DA:120,0
DA:121,0
DA:123,0
DA:124,0
DA:126,0
DA:127,0
DA:128,0
DA:129,0
DA:141,0
DA:143,0
DA:144,0
DA:146,0
DA:147,0
DA:149,0
DA:150,0
DA:151,0
DA:152,0
DA:153,0
DA:154,0
DA:155,0
DA:156,0
DA:157,0
DA:159,0
DA:162,0
DA:163,0
DA:165,0
DA:166,0
DA:169,0
DA:171,0
DA:172,0
DA:175,0
DA:177,0
DA:178,0
DA:181,0
DA:183,0
DA:184,0
DA:187,0
DA:189,0
DA:190,0
DA:193,0
DA:195,0
DA:196,0
DA:199,0
DA:201,0
DA:202,0
DA:205,0
DA:207,0
DA:210,0
DA:212,0
DA:213,0
DA:216,0
DA:218,0
DA:219,0
DA:222,0
DA:224,0
DA:225,0
DA:228,0
DA:230,0
DA:231,0
DA:234,0
DA:236,0
DA:237,0
DA:240,0
DA:242,0
DA:243,0
DA:246,0
DA:248,0
DA:249,0
DA:252,0
DA:254,0
DA:255,0
DA:258,0
DA:260,0
DA:261,0
DA:264,0
DA:266,0
DA:267,0
DA:270,0
DA:272,0
DA:273,0
DA:276,0
DA:277,0
DA:278,0
DA:280,0
DA:281,0
DA:283,0
DA:291,0
DA:292,0
DA:295,0
DA:296,0
DA:297,0
DA:298,0
DA:300,0
DA:301,0
DA:302,0
DA:303,0
DA:304,0
LF:134
LH:0
end_of_record
