TN:
SF:/Users/jamesmaxwell/student/sem3/ppois/lab2/gallery.cpp
FNL:0,1003,1031
FNA:0,48,_ZN7Curator15organizeVintageEP17VintageExhibition
FNL:1,101,102
FNA:1,16,_ZNK7Artwork7getNameEv
FNL:2,1032,1056
FNA:2,80,_ZN7Curator20organizeContemporaryEP22ContemporaryExhibition
FNL:3,104,105
FNA:3,16,_ZNK7Artwork8getValueEv
FNL:4,1057,1072
FNA:4,96,_ZN7Curator18organizeMinimalistEP20MinimalistExhibition
FNL:5,107,108
FNA:5,32,_ZNK7Artwork15isAuthenticatedEv
FNL:6,1073,1095
FNA:6,96,_ZN7Curator16organizeAbstractEP18AbstractExhibition
FNL:7,1096,1110
FNA:7,112,_ZN7Curator16organizePortraitEP18PortraitExhibition
FNL:8,11,12
FNA:8,32,_ZNK9Dimension5getIdEv
FNL:9,110,116
FNA:9,64,_ZNK7Artwork24calculateMaintenanceCostEv
FNL:10,1111,1132
FNA:10,80,_ZN7Curator17organizeLandscapeEP19LandscapeExhibition
FNL:11,1133,1159
FNA:11,96,_ZN7Curator19organizeRestorationEP21RestorationExhibition
FNL:12,1160,1184
FNA:12,112,_ZN7Curator17organizeTemporaryEP19TemporaryExhibition
FNL:13,118,119
FNA:13,64,_ZNK7Artwork21isAvailableForDisplayEv
FNL:14,1185,1212
FNA:14,112,_ZN7Curator17organizePermanentEP19PermanentExhibition
FNL:15,121,128
FNA:15,48,_ZNK7Artwork21calculateDepreciationEi
FNL:16,1213,1237
FNA:16,112,_ZN7Curator19organizeInteractiveEP21InteractiveExhibition
FNL:17,1238,1262
FNA:17,112,_ZN7Curator16organizeThematicEP18ThematicExhibition
FNL:18,1263,1289
FNA:18,112,_ZN7Curator21organizeRetrospectiveEP23RetrospectiveExhibition
FNL:19,129,135
FNA:19,16,_ZNK7Artwork15needsInspectionEv
FNL:20,1290,1316
FNA:20,128,_ZN7Curator13organizeGroupEP15GroupExhibition
FNL:21,1317,1340
FNA:21,96,_ZN7Curator12organizeSoloEP14SoloExhibition
FNL:22,1341,1342
FNA:22,496,_ZN7VisitorC1EPKcib
FNA:22,496,_ZN7VisitorC2EPKcib
FNL:23,1343,1346
FNA:23,16,_ZN7Visitor14purchaseTicketEv
FNL:24,1347,1352
FNA:24,32,_ZN7Visitor12enterGalleryEv
FNL:25,1353,1359
FNA:25,48,_ZN7Visitor11viewArtworkEP7Artwork
FNL:26,136,142
FNA:26,48,_ZNK7Artwork24calculateRestorationCostEd
FNL:27,1360,1363
FNA:27,128,_ZN7Visitor11addFavoriteEv
FNL:28,1364,1367
FNA:28,16,_ZN7Visitor14joinGuidedTourEv
FNL:29,1368,1369
FNA:29,32,_ZNK7Visitor19canAccessRestrictedEv
FNL:30,1371,1372
FNA:30,0,_ZNK7Visitor14getAccessLevelEv
FNL:31,1374,1375
FNA:31,16,_ZNK7Visitor7getNameEv
FNL:32,1377,1378
FNA:32,32,_ZNK7Visitor16getVisitDurationEv
FNL:33,1380,1381
FNA:33,16,_ZNK7Visitor27calculateTotalBaggageWeightEdd
FNL:34,1383,1388
FNA:34,32,_ZNK7Visitor12hasValidVisaEPKc
FNL:35,1389,1396
FNA:35,32,_ZNK7Visitor24calculateLoyaltyDiscountEd
FNL:36,1397,1402
FNA:36,32,_ZN7Visitor18requestSpecialMealEPKc
FNL:37,14,16
FNA:37,16,_ZN9Dimension12setPrecisionEd
FNL:38,1403,1408
FNA:38,32,_ZN7Visitor20checkInForExhibitionEPKc
FNL:39,1409,1414
FNA:39,32,_ZN7Visitor17cancelReservationEi
FNL:40,1415,1416
FNA:40,16,_ZNK7Visitor24calculateTotalTravelCostEddd
FNL:41,1418,1422
FNA:41,192,_ZN11GalleryMenuC1Ev
FNA:41,192,_ZN11GalleryMenuC2Ev
FNL:42,1423,1429
FNA:42,96,_ZNK11GalleryMenu4showEv
FNL:43,143,144
FNA:43,240,_ZN11GalleryToolC1EPKcbbi
FNA:43,7424,_ZN11GalleryToolC2EPKcbbi
FNL:44,1430,1435
FNA:44,192,_ZN11GalleryMenu13addExhibitionEP10Exhibition
FNL:45,1436,1438
FNA:45,16,_ZN11GalleryMenu10setVisitorEP7Visitor
FNL:46,1439,1460
FNA:46,48,_ZN11GalleryMenu3runEv
FNL:47,145,156
FNA:47,736,_ZN11GalleryTool7useToolEv
FNL:48,1461,1462
FNA:48,32,_ZNK11GalleryMenu18getExhibitionCountEv
FNL:49,1464,1465
FNA:49,32,_ZNK11GalleryMenu17getCurrentVisitorEv
FNL:50,1467,1474
FNA:50,48,_ZNK11GalleryMenu17searchExhibitionsEPKc
FNL:51,1476,1483
FNA:51,16,_ZNK11GalleryMenu26filterAvailableExhibitionsEv
FNL:52,1485,1495
FNA:52,16,_ZN11GalleryMenu21sortExhibitionsByNameEv
FNL:53,1496,1501
FNA:53,64,_ZNK11GalleryMenu20getExhibitionByIndexEi
FNL:54,1502,1503
FNA:54,112,_ZNK10Exhibition13isFullyBookedEv
FNL:55,1505,1506
FNA:55,16,_ZNK10Exhibition27calculateExhibitionDurationEv
FNL:56,1508,1509
FNA:56,16,_ZNK10Exhibition8isOnTimeEv
FNL:57,1511,1512
FNA:57,16,_ZNK10Exhibition17getAvailableSeatsEv
FNL:58,1514,1516
FNA:58,544,_ZN12TicketSystemC1EPKci
FNA:58,544,_ZN12TicketSystemC2EPKci
FNL:59,1517,1528
FNA:59,112,_ZN12TicketSystem13createBookingEP7VisitorP10Exhibition
FNL:60,1529,1535
FNA:60,48,_ZN12TicketSystem13cancelBookingEi
FNL:61,1536,1543
FNA:61,48,_ZN12TicketSystem20calculateTicketPriceEP10ExhibitionP7Visitor
FNL:62,1544,1550
FNA:62,112,_ZN12TicketSystem14processPaymentEdPKc
FNL:63,1551,1559
FNA:63,144,_ZN12TicketSystem13transferMoneyEPKcS1_d
FNL:64,1560,1565
FNA:64,112,_ZN12TicketSystem14verifyPasswordEPKcS1_
FNL:65,1566,1571
FNA:65,32,_ZN12TicketSystem27checkExhibitionAvailabilityEP10Exhibition
FNL:66,157,159
FNA:66,16,_ZN11GalleryTool9cleanToolEv
FNL:67,1572,1577
FNA:67,96,_ZN12TicketSystem11reserveSeatEP7Visitori
FNL:68,1578,1583
FNA:68,80,_ZN12TicketSystem21cancelSeatReservationEi
FNL:69,1584,1593
FNA:69,80,_ZN12TicketSystem19calculateBaggageFeeEd
FNL:70,1594,1599
FNA:70,32,_ZN12TicketSystem20checkVisaRequirementEP7VisitorP10Exhibition
FNL:71,160,163
FNA:71,128,_ZN11GalleryTool9breakToolEv
FNL:72,1600,1601
FNA:72,64,_ZNK12TicketSystem15getTotalRevenueEv
FNL:73,1603,1604
FNA:73,32,_ZNK12TicketSystem16getTotalBookingsEv
FNL:74,1606,1607
FNA:74,16,_ZNK12TicketSystem14isSystemActiveEv
FNL:75,164,165
FNA:75,1040,_ZNK11GalleryTool11isAvailableEv
FNL:76,167,168
FNA:76,16,_ZNK11GalleryTool7getNameEv
FNL:77,17,18
FNA:77,0,_ZNK9Dimension10isStandardEv
FNL:78,170,172
FNA:78,2064,_ZN5FrameC1EPKcbii
FNA:78,2064,_ZN5FrameC2EPKcbii
FNL:79,173,175
FNA:79,32,_ZN5Frame13addProtectionEv
FNL:80,176,178
FNA:80,16,_ZN5Frame16removeProtectionEv
FNL:81,179,180
FNA:81,128,_ZNK5Frame10canProtectEv
FNL:82,182,183
FNA:82,16,_ZNK5Frame8getWidthEv
FNL:83,185,196
FNA:83,64,_ZNK5Frame21calculateComfortScoreEv
FNL:84,198,203
FNA:84,96,_ZNK5Frame20isSuitableForArtworkEd
FNL:85,20,23
FNA:85,80,_ZNK9Dimension15fromCentimetersEd
FNL:86,204,207
FNA:86,80,_ZN5Frame14adjustPositionEi
FNL:87,208,210
FNA:87,2256,_ZN8LightingC1EPKcbbi
FNA:87,2256,_ZN8LightingC2EPKcbbi
FNL:88,211,213
FNA:88,16,_ZN8Lighting3dimEv
FNL:89,214,216
FNA:89,256,_ZN8Lighting8brightenEv
FNL:90,217,218
FNA:90,80,_ZNK8Lighting16isSafeForArtworkEv
FNL:91,220,221
FNA:91,32,_ZNK8Lighting5isLEDEv
FNL:92,223,228
FNA:92,80,_ZNK8Lighting25calculatePowerConsumptionEv
FNL:93,229,233
FNA:93,80,_ZN8Lighting13setBrightnessEi
FNL:94,234,235
FNA:94,48,_ZNK8Lighting20meetsSafetyStandardsEv
FNL:95,237,239
FNA:95,960,_ZN14SecurityCameraC1EPKcdbb
FNA:95,960,_ZN14SecurityCameraC2EPKcdbb
FNL:96,24,30
FNA:96,16,_ZNK9Dimension9convertToEdPS_
FNL:97,240,247
FNA:97,144,_ZN14SecurityCamera14startRecordingEv
FNL:98,248,251
FNA:98,32,_ZN14SecurityCamera13stopRecordingEv
FNL:99,252,253
FNA:99,48,_ZNK14SecurityCamera11isRecordingEv
FNL:100,255,256
FNA:100,48,_ZNK14SecurityCamera8getAngleEv
FNL:101,258,262
FNA:101,64,_ZN14SecurityCamera11adjustAngleEd
FNL:102,263,269
FNA:102,112,_ZNK14SecurityCamera21calculateCoverageAreaEd
FNL:103,270,276
FNA:103,80,_ZNK14SecurityCamera14canMonitorAreaEd
FNL:104,277,279
FNA:104,1200,_ZN12DisplayStandC1EPKcdbb
FNA:104,1200,_ZN12DisplayStandC2EPKcdbb
FNL:105,280,286
FNA:105,224,_ZN12DisplayStand12startDisplayEv
FNL:106,287,289
FNA:106,16,_ZN12DisplayStand11stopDisplayEv
FNL:107,290,291
FNA:107,112,_ZNK12DisplayStand10canDisplayEd
FNL:108,293,294
FNA:108,32,_ZNK12DisplayStand13checkHasCoverEv
FNL:109,296,301
FNA:109,48,_ZNK12DisplayStand20calculateDisplayTimeEi
FNL:110,3,4
FNA:110,224,_ZN9DimensionC1EPKcdbi
FNA:110,224,_ZN9DimensionC2EPKcdbi
FNL:111,302,304
FNA:111,48,_ZNK12DisplayStand20canHandleVisitorLoadEi
FNL:112,306,311
FNA:112,32,_ZNK12DisplayStand20calculateUtilizationEv
FNL:113,31,32
FNA:113,32,_ZNK9Dimension18validateConversionEd
FNL:114,312,313
FNA:114,2944,_ZN5TimerC1Eibii
FNA:114,2944,_ZN5TimerC2Eibii
FNL:115,314,321
FNA:115,544,_ZN5Timer5startEi
FNL:116,322,330
FNA:116,3184,_ZN5Timer4tickEi
FNL:117,331,332
FNA:117,3360,_ZNK5Timer10isFinishedEv
FNL:118,334,335
FNA:118,48,_ZNK5Timer10getElapsedEv
FNL:119,337,338
FNA:119,80,_ZNK5Timer9isRunningEv
FNL:120,34,35
FNA:120,5120,_ZN4SizeC1EdP9Dimensionbi
FNA:120,5120,_ZN4SizeC2EdP9Dimensionbi
FNL:121,340,345
FNA:121,32,_ZNK5Timer22calculateRemainingTimeEv
FNL:122,346,349
FNA:122,16,_ZN5Timer5resetEv
FNL:123,350,352
FNA:123,32,_ZN5Timer5pauseEv
FNL:124,353,357
FNA:124,32,_ZN5Timer6resumeEv
FNL:125,358,360
FNA:125,528,_ZN14RestorationKitC1EPKcb
FNA:125,528,_ZN14RestorationKitC2EPKcb
FNL:126,36,41
FNA:126,816,_ZNK4Size13toCentimetersEv
FNL:127,361,364
FNA:127,96,_ZN14RestorationKit5equipEv
FNL:128,366,369
FNA:128,48,_ZN14RestorationKit7unequipEv
FNL:129,371,383
FNA:129,48,_ZN14RestorationKit7restoreEv
FNL:130,384,385
FNA:130,112,_ZNK14RestorationKit10isEquippedEv
FNL:131,387,392
FNA:131,32,_ZNK14RestorationKit30calculateRestorationEfficiencyEv
FNL:132,393,394
FNA:132,32,_ZNK14RestorationKit16hasRequiredToolsEi
FNL:133,396,398
FNA:133,176,_ZN11CleaningKitC1EPKci
FNA:133,176,_ZN11CleaningKitC2EPKci
FNL:134,399,405
FNA:134,96,_ZN11CleaningKit5cleanEv
FNL:135,406,407
FNA:135,16,_ZNK11CleaningKit5getIdEv
FNL:136,409,410
FNA:136,1056,_ZN16ConditionProfileC1Eddib
FNA:136,1056,_ZN16ConditionProfileC2Eddib
FNL:137,411,417
FNA:137,624,_ZNK16ConditionProfile11currentTempEi
FNL:138,418,419
FNA:138,80,_ZNK16ConditionProfile9isReachedEd
FNL:139,42,44
FNA:139,704,_ZN4Size5scaleEd
FNL:140,421,425
FNA:140,272,_ZN16ConditionProfile5resetEddi
FNL:141,426,427
FNA:141,16,_ZNK16ConditionProfile11getDurationEv
FNL:142,429,434
FNA:142,16,_ZNK16ConditionProfile30calculateTemperatureChangeRateEv
FNL:143,435,436
FNA:143,16,_ZNK16ConditionProfile14isValidProfileEv
FNL:144,438,444
FNA:144,16,_ZNK16ConditionProfile26getEstimatedCompletionTimeEi
FNL:145,445,454
FNA:145,832,_ZN14ClimateControlC1Edbb
FNA:145,832,_ZN14ClimateControlC2Edbb
FNL:146,45,46
FNA:146,16,_ZNK4Size6isZeroEv
FNL:147,455,469
FNA:147,320,_ZN14ClimateControl13setConditionsEdi
FNL:148,470,473
FNA:148,64,_ZN14ClimateControl7turnOffEv
FNL:149,474,476
FNA:149,32,_ZN14ClimateControl9closeDoorEv
FNL:150,477,479
FNA:150,16,_ZN14ClimateControl8openDoorEv
FNL:151,48,49
FNA:151,16,_ZNK4Size8getValueEv
FNL:152,480,485
FNA:152,128,_ZN14ClimateControl15setTimerMinutesEi
FNL:153,486,496
FNA:153,512,_ZN14ClimateControl4tickEi
FNL:154,497,498
FNA:154,528,_ZNK14ClimateControl4isOnEv
FNL:155,5,6
FNA:155,848,_ZNK9Dimension13toCentimetersEd
FNL:156,500,501
FNA:156,80,_ZNK14ClimateControl14getTemperatureEv
FNL:157,503,504
FNA:157,32,_ZNK14ClimateControl12isDoorClosedEv
FNL:158,506,508
FNA:158,32,_ZN14ClimateControl11setHumidityEd
FNL:159,509,511
FNA:159,32,_ZN14ClimateControl13activateAlarmEv
FNL:160,51,52
FNA:160,32,_ZNK4Size13isApproximateEv
FNL:161,512,513
FNA:161,48,_ZNK14ClimateControl13isAlarmActiveEv
FNL:162,515,516
FNA:162,64,_ZNK14ClimateControl11getHumidityEv
FNL:163,518,519
FNA:163,0,_ZNK14ClimateControl17getTargetHumidityEv
FNL:164,521,526
FNA:164,16,_ZNK14ClimateControl26calculateEnergyConsumptionEv
FNL:165,527,528
FNA:165,16,_ZNK14ClimateControl16isOptimalClimateEv
FNL:166,530,536
FNA:166,96,_ZN14ClimateControl26adjustTemperatureGraduallyEdi
FNL:167,537,538
FNA:167,16,_ZNK14ClimateControl28calculateMaintenanceScheduleEv
FNL:168,54,60
FNA:168,16,_ZNK4Size18convertToDimensionEP9Dimension
FNL:169,540,541
FNA:169,400,_ZN14SecuritySystemC1Eiibb
FNA:169,400,_ZN14SecuritySystemC2Eiibb
FNL:170,542,547
FNA:170,128,_ZN14SecuritySystem12activateZoneEv
FNL:171,548,555
FNA:171,48,_ZN14SecuritySystem14deactivateZoneEv
FNL:172,556,557
FNA:172,160,_ZNK14SecuritySystem9freeZonesEv
FNL:173,559,560
FNA:173,32,_ZNK14SecuritySystem4isOnEv
FNL:174,562,564
FNA:174,16,_ZN14SecuritySystem16activateAllZonesEv
FNL:175,565,567
FNA:175,16,_ZN14SecuritySystem18deactivateAllZonesEv
FNL:176,568,569
FNA:176,48,_ZNK14SecuritySystem19checkSecurityBreachEv
FNL:177,571,576
FNA:177,64,_ZNK14SecuritySystem25calculateSecurityCoverageEv
FNL:178,577,577
FNA:178,2544,_ZN10ExhibitionC2EPKc
FNL:179,578,588
FNA:179,480,_ZN18PaintingExhibitionC1EPKcP7ArtworkS3_P5FrameP8LightingP5TimerP7Curator
FNA:179,480,_ZN18PaintingExhibitionC2EPKcP7ArtworkS3_P5FrameP8LightingP5TimerP7Curator
FNL:180,589,594
FNA:180,112,_ZN18PaintingExhibition8organizeEv
FNL:181,595,601
FNA:181,80,_ZN19SculptureExhibitionC1EPKcP7ArtworkP12DisplayStandP8LightingP5FrameP7Curator
FNA:181,80,_ZN19SculptureExhibitionC2EPKcP7ArtworkP12DisplayStandP8LightingP5FrameP7Curator
FNL:182,602,607
FNA:182,80,_ZN19SculptureExhibition8organizeEv
FNL:183,608,617
FNA:183,112,_ZN21PhotographyExhibitionC1EPKcP7ArtworkS3_P5FrameP8LightingP14SecurityCameraP5TimerP7Curator
FNA:183,112,_ZN21PhotographyExhibitionC2EPKcP7ArtworkS3_P5FrameP8LightingP14SecurityCameraP5TimerP7Curator
FNL:184,61,64
FNA:184,16,_ZNK4Size19calculateDifferenceERKS_
FNL:185,618,623
FNA:185,112,_ZN21PhotographyExhibition8organizeEv
FNL:186,624,636
FNA:186,128,_ZN20MixedMediaExhibitionC1EPKcP7ArtworkS3_S3_P12DisplayStandP8LightingP5FrameP5TimerP14RestorationKitP7Curator
FNA:186,128,_ZN20MixedMediaExhibitionC2EPKcP7ArtworkS3_S3_P12DisplayStandP8LightingP5FrameP5TimerP14RestorationKitP7Curator
FNL:187,637,642
FNA:187,128,_ZN20MixedMediaExhibition8organizeEv
FNL:188,643,652
FNA:188,112,_ZN20DigitalArtExhibitionC1EPKcP7ArtworkS3_P12DisplayStandP8LightingP14SecurityCameraP5TimerP7Curator
FNA:188,112,_ZN20DigitalArtExhibitionC2EPKcP7ArtworkS3_P12DisplayStandP8LightingP14SecurityCameraP5TimerP7Curator
FNL:189,653,658
FNA:189,112,_ZN20DigitalArtExhibition8organizeEv
FNL:190,659,667
FNA:190,64,_ZN17VintageExhibitionC1EPKcP7ArtworkS3_P5FrameP14ClimateControlP14RestorationKitP7Curator
FNA:190,64,_ZN17VintageExhibitionC2EPKcP7ArtworkS3_P5FrameP14ClimateControlP14RestorationKitP7Curator
FNL:191,66,67
FNA:191,4944,_ZN7ArtworkC1EPKcRK4Sizedb
FNA:191,4944,_ZN7ArtworkC2EPKcRK4Sizedb
FNL:192,668,673
FNA:192,64,_ZN17VintageExhibition8organizeEv
FNL:193,674,683
FNA:193,96,_ZN22ContemporaryExhibitionC1EPKcP7ArtworkS3_P12DisplayStandP8LightingP14SecurityCameraP5TimerP7Curator
FNA:193,96,_ZN22ContemporaryExhibitionC2EPKcP7ArtworkS3_P12DisplayStandP8LightingP14SecurityCameraP5TimerP7Curator
FNL:194,68,75
FNA:194,48,_ZN7Artwork7addSizeEd
FNL:195,684,689
FNA:195,96,_ZN22ContemporaryExhibition8organizeEv
FNL:196,690,695
FNA:196,96,_ZN20MinimalistExhibitionC1EPKcP7ArtworkP5FrameP8LightingP7Curator
FNA:196,96,_ZN20MinimalistExhibitionC2EPKcP7ArtworkP5FrameP8LightingP7Curator
FNL:197,696,701
FNA:197,96,_ZN20MinimalistExhibition8organizeEv
FNL:198,702,711
FNA:198,112,_ZN18AbstractExhibitionC1EPKcP7ArtworkS3_P12DisplayStandP8LightingP5FrameP5TimerP7Curator
FNA:198,112,_ZN18AbstractExhibitionC2EPKcP7ArtworkS3_P12DisplayStandP8LightingP5FrameP5TimerP7Curator
FNL:199,712,717
FNA:199,112,_ZN18AbstractExhibition8organizeEv
FNL:200,718,726
FNA:200,112,_ZN18PortraitExhibitionC1EPKcP7ArtworkS3_P5FrameP8LightingP14SecurityCameraP7Curator
FNA:200,112,_ZN18PortraitExhibitionC2EPKcP7ArtworkS3_P5FrameP8LightingP14SecurityCameraP7Curator
FNL:201,727,732
FNA:201,112,_ZN18PortraitExhibition8organizeEv
FNL:202,733,741
FNA:202,96,_ZN19LandscapeExhibitionC1EPKcP7ArtworkS3_P5FrameP8LightingP5TimerP7Curator
FNA:202,96,_ZN19LandscapeExhibitionC2EPKcP7ArtworkS3_P5FrameP8LightingP5TimerP7Curator
FNL:203,742,747
FNA:203,96,_ZN19LandscapeExhibition8organizeEv
FNL:204,748,757
FNA:204,112,_ZN21RestorationExhibitionC1EPKcP7ArtworkP14RestorationKitP11CleaningKitP14ClimateControlP5TimerP7Curator
FNA:204,112,_ZN21RestorationExhibitionC2EPKcP7ArtworkP14RestorationKitP11CleaningKitP14ClimateControlP5TimerP7Curator
FNL:205,758,763
FNA:205,112,_ZN21RestorationExhibition8organizeEv
FNL:206,76,85
FNA:206,656,_ZN7Artwork7useSizeEd
FNL:207,764,773
FNA:207,128,_ZN19TemporaryExhibitionC1EPKcP7ArtworkS3_P12DisplayStandP8LightingP14SecurityCameraP5TimerP7Curator
FNA:207,128,_ZN19TemporaryExhibitionC2EPKcP7ArtworkS3_P12DisplayStandP8LightingP14SecurityCameraP5TimerP7Curator
FNL:208,774,779
FNA:208,128,_ZN19TemporaryExhibition8organizeEv
FNL:209,780,789
FNA:209,128,_ZN19PermanentExhibitionC1EPKcP7ArtworkS3_P5FrameP14ClimateControlP14SecuritySystemP5TimerP7Curator
FNA:209,128,_ZN19PermanentExhibitionC2EPKcP7ArtworkS3_P5FrameP14ClimateControlP14SecuritySystemP5TimerP7Curator
FNL:210,790,795
FNA:210,128,_ZN19PermanentExhibition8organizeEv
FNL:211,796,805
FNA:211,128,_ZN21InteractiveExhibitionC1EPKcP7ArtworkS3_P12DisplayStandP8LightingP14SecurityCameraP5TimerP7Curator
FNA:211,128,_ZN21InteractiveExhibitionC2EPKcP7ArtworkS3_P12DisplayStandP8LightingP14SecurityCameraP5TimerP7Curator
FNL:212,8,9
FNA:212,64,_ZNK9Dimension8isMetricEv
FNL:213,806,811
FNA:213,128,_ZN21InteractiveExhibition8organizeEv
FNL:214,812,822
FNA:214,128,_ZN18ThematicExhibitionC1EPKcP7ArtworkS3_S3_P5FrameP12DisplayStandP8LightingP5TimerP7Curator
FNA:214,128,_ZN18ThematicExhibitionC2EPKcP7ArtworkS3_S3_P5FrameP12DisplayStandP8LightingP5TimerP7Curator
FNL:215,823,828
FNA:215,128,_ZN18ThematicExhibition8organizeEv
FNL:216,829,838
FNA:216,128,_ZN23RetrospectiveExhibitionC1EPKcP7ArtworkS3_P5FrameP14ClimateControlP14RestorationKitP5TimerP7Curator
FNA:216,128,_ZN23RetrospectiveExhibitionC2EPKcP7ArtworkS3_P5FrameP14ClimateControlP14RestorationKitP5TimerP7Curator
FNL:217,839,844
FNA:217,128,_ZN23RetrospectiveExhibition8organizeEv
FNL:218,845,856
FNA:218,144,_ZN15GroupExhibitionC1EPKcP7ArtworkS3_S3_P12DisplayStandP8LightingP5FrameP14SecurityCameraP5TimerP7Curator
FNA:218,144,_ZN15GroupExhibitionC2EPKcP7ArtworkS3_S3_P12DisplayStandP8LightingP5FrameP14SecurityCameraP5TimerP7Curator
FNL:219,857,862
FNA:219,144,_ZN15GroupExhibition8organizeEv
FNL:220,86,87
FNA:220,64,_ZNK7Artwork9isFragileEv
FNL:221,863,872
FNA:221,112,_ZN14SoloExhibitionC1EPKcP7ArtworkS3_P5FrameP8LightingP12DisplayStandP5TimerP7Curator
FNA:221,112,_ZN14SoloExhibitionC2EPKcP7ArtworkS3_P5FrameP8LightingP12DisplayStandP5TimerP7Curator
FNL:222,873,878
FNA:222,112,_ZN14SoloExhibition8organizeEv
FNL:223,879,880
FNA:223,2160,_ZN7CuratorC1EPKc
FNA:223,2160,_ZN7CuratorC2EPKc
FNL:224,881,903
FNA:224,96,_ZN7Curator16organizePaintingEP18PaintingExhibition
FNL:225,89,91
FNA:225,64,_ZN7Artwork12authenticateEv
FNL:226,904,916
FNA:226,80,_ZN7Curator17organizeSculptureEP19SculptureExhibition
FNL:227,917,947
FNA:227,96,_ZN7Curator19organizePhotographyEP21PhotographyExhibition
FNL:228,92,94
FNA:228,16,_ZN7Artwork17setInsuranceValueEd
FNL:229,948,975
FNA:229,112,_ZN7Curator18organizeMixedMediaEP20MixedMediaExhibition
FNL:230,95,96
FNA:230,0,_ZNK7Artwork7getYearEv
FNL:231,976,1002
FNA:231,96,_ZN7Curator18organizeDigitalArtEP20DigitalArtExhibition
FNL:232,98,99
FNA:232,32,_ZNK7Artwork9getArtistEv
FNF:233
FNH:229
DA:3,448
DA:4,448
DA:5,848
DA:6,848
DA:8,64
DA:9,64
DA:11,32
DA:12,32
DA:14,16
DA:15,16
DA:16,16
DA:17,0
DA:18,0
DA:20,80
DA:21,80
DA:22,80
DA:23,80
DA:24,16
DA:25,16
DA:26,0
DA:28,16
DA:29,16
DA:30,16
DA:31,32
DA:32,32
DA:34,10240
DA:35,10240
DA:36,816
DA:37,816
DA:38,16
DA:40,800
DA:41,0
DA:42,704
DA:43,704
DA:44,704
DA:45,16
DA:46,16
DA:48,16
DA:49,16
DA:51,32
DA:52,32
DA:54,16
DA:55,16
DA:56,0
DA:58,16
DA:59,16
DA:60,16
DA:61,16
DA:62,16
DA:63,16
DA:64,16
DA:66,9888
DA:67,9888
DA:68,48
DA:69,48
DA:70,48
DA:71,48
DA:72,32
DA:73,32
DA:74,32
DA:75,48
DA:76,656
DA:77,656
DA:78,656
DA:79,16
DA:81,640
DA:82,624
DA:83,624
DA:84,624
DA:85,640
DA:86,64
DA:87,64
DA:89,64
DA:90,64
DA:91,64
DA:92,16
DA:93,16
DA:94,16
DA:95,0
DA:96,0
DA:98,32
DA:99,32
DA:101,16
DA:102,16
DA:104,16
DA:105,16
DA:107,32
DA:108,32
DA:110,64
DA:111,64
DA:112,64
DA:113,16
DA:114,16
DA:115,64
DA:116,64
DA:118,64
DA:119,64
DA:121,48
DA:122,48
DA:123,48
DA:125,0
DA:126,0
DA:127,0
DA:128,48
DA:129,16
DA:130,16
DA:131,16
DA:133,0
DA:134,0
DA:135,16
DA:136,48
DA:137,48
DA:138,32
DA:140,16
DA:141,16
DA:142,48
DA:143,7664
DA:144,7664
DA:145,736
DA:146,736
DA:147,80
DA:149,656
DA:150,656
DA:151,656
DA:152,48
DA:153,48
DA:154,48
DA:155,656
DA:156,656
DA:157,16
DA:158,16
DA:159,16
DA:160,128
DA:161,128
DA:162,128
DA:163,128
DA:164,1040
DA:165,1040
DA:167,16
DA:168,16
DA:170,4128
DA:171,2064
DA:172,4128
DA:173,32
DA:174,32
DA:175,32
DA:176,16
DA:177,16
DA:178,16
DA:179,128
DA:180,128
DA:182,16
DA:183,16
DA:185,64
DA:186,64
DA:187,64
DA:188,48
DA:189,48
DA:190,64
DA:191,32
DA:192,32
DA:193,64
DA:194,64
DA:195,64
DA:196,64
DA:198,96
DA:199,96
DA:200,32
DA:202,64
DA:203,96
DA:204,80
DA:205,80
DA:206,48
DA:207,80
DA:208,4512
DA:209,2256
DA:210,4512
DA:211,16
DA:212,16
DA:213,16
DA:214,256
DA:215,256
DA:216,256
DA:217,80
DA:218,80
DA:220,32
DA:221,32
DA:223,80
DA:224,80
DA:225,48
DA:227,32
DA:228,80
DA:229,80
DA:230,80
DA:231,48
DA:232,48
DA:233,80
DA:234,48
DA:235,48
DA:237,1920
DA:238,960
DA:239,1920
DA:240,144
DA:241,144
DA:242,16
DA:244,128
DA:245,128
DA:246,128
DA:247,128
DA:248,32
DA:249,32
DA:250,32
DA:251,32
DA:252,48
DA:253,48
DA:255,48
DA:256,48
DA:258,64
DA:259,64
DA:260,32
DA:261,32
DA:262,64
DA:263,112
DA:264,112
DA:265,32
DA:267,80
DA:268,80
DA:269,112
DA:270,80
DA:271,80
DA:272,48
DA:274,32
DA:275,32
DA:276,80
DA:277,2400
DA:278,1200
DA:279,2400
DA:280,224
DA:281,224
DA:282,32
DA:284,192
DA:285,192
DA:286,192
DA:287,16
DA:288,16
DA:289,16
DA:290,112
DA:291,112
DA:293,32
DA:294,32
DA:296,48
DA:297,48
DA:298,32
DA:300,16
DA:301,48
DA:302,48
DA:303,48
DA:304,48
DA:306,32
DA:307,32
DA:308,0
DA:310,32
DA:311,32
DA:312,5888
DA:313,5888
DA:314,544
DA:315,544
DA:316,32
DA:318,512
DA:319,512
DA:320,512
DA:321,512
DA:322,3184
DA:323,3184
DA:324,3152
DA:325,3072
DA:326,3072
DA:327,336
DA:328,336
DA:329,336
DA:330,3184
DA:331,3360
DA:332,3360
DA:334,48
DA:335,48
DA:337,80
DA:338,80
DA:340,32
DA:341,32
DA:342,16
DA:344,16
DA:345,32
DA:346,16
DA:347,16
DA:348,16
DA:349,16
DA:350,32
DA:351,32
DA:352,32
DA:353,32
DA:354,32
DA:355,32
DA:356,32
DA:357,32
DA:358,1056
DA:359,528
DA:360,1056
DA:361,96
DA:362,96
DA:363,96
DA:364,96
DA:366,48
DA:367,48
DA:368,48
DA:369,48
DA:371,48
DA:372,48
DA:373,16
DA:374,16
DA:376,32
DA:377,16
DA:379,16
DA:380,16
DA:381,16
DA:382,16
DA:383,32
DA:384,112
DA:385,112
DA:387,32
DA:388,32
DA:389,16
DA:391,16
DA:392,32
DA:393,32
DA:394,32
DA:396,352
DA:397,176
DA:398,352
DA:399,96
DA:400,96
DA:401,16
DA:403,80
DA:404,80
DA:405,80
DA:406,16
DA:407,16
DA:409,2112
DA:410,2112
DA:411,624
DA:412,624
DA:413,512
DA:415,112
DA:416,112
DA:417,624
DA:418,80
DA:419,80
DA:421,272
DA:422,272
DA:423,272
DA:424,272
DA:425,272
DA:426,16
DA:427,16
DA:429,16
DA:430,16
DA:431,0
DA:433,16
DA:434,16
DA:435,16
DA:436,16
DA:438,16
DA:439,16
DA:440,0
DA:442,16
DA:443,16
DA:444,16
DA:445,1664
DA:446,832
DA:447,832
DA:448,832
DA:449,832
DA:450,832
DA:451,832
DA:452,832
DA:453,832
DA:454,1664
DA:455,320
DA:456,320
DA:457,48
DA:459,272
DA:460,16
DA:462,256
DA:463,32
DA:465,224
DA:466,224
DA:467,224
DA:468,224
DA:469,224
DA:470,64
DA:471,64
DA:472,64
DA:473,64
DA:474,32
DA:475,32
DA:476,32
DA:477,16
DA:478,16
DA:479,16
DA:480,128
DA:481,128
DA:482,48
DA:484,80
DA:485,80
DA:486,512
DA:487,512
DA:488,496
DA:489,480
DA:490,480
DA:491,480
DA:492,496
DA:493,496
DA:494,48
DA:495,48
DA:496,512
DA:497,528
DA:498,528
DA:500,80
DA:501,80
DA:503,32
DA:504,32
DA:506,32
DA:507,32
DA:508,32
DA:509,32
DA:510,32
DA:511,32
DA:512,48
DA:513,48
DA:515,64
DA:516,64
DA:518,0
DA:519,0
DA:521,16
DA:522,16
DA:523,0
DA:525,16
DA:526,16
DA:527,16
DA:528,16
DA:530,96
DA:531,96
DA:532,32
DA:533,32
DA:534,32
DA:535,32
DA:536,96
DA:537,16
DA:538,16
DA:540,800
DA:541,800
DA:542,128
DA:543,128
DA:544,112
DA:545,112
DA:546,112
DA:547,128
DA:548,48
DA:549,48
DA:550,32
DA:551,32
DA:552,0
DA:553,0
DA:554,32
DA:555,48
DA:556,160
DA:557,160
DA:559,32
DA:560,32
DA:562,16
DA:563,16
DA:564,16
DA:565,16
DA:566,16
DA:567,16
DA:568,48
DA:569,48
DA:571,64
DA:572,64
DA:573,16
DA:575,48
DA:576,64
DA:577,2544
DA:578,960
DA:585,480
DA:586,480
DA:587,480
DA:588,1440
DA:589,112
DA:590,112
DA:591,16
DA:593,96
DA:594,96
DA:595,160
DA:601,160
DA:602,80
DA:603,80
DA:604,16
DA:606,64
DA:607,64
DA:608,224
DA:616,224
DA:617,336
DA:618,112
DA:619,112
DA:620,16
DA:622,96
DA:623,96
DA:624,256
DA:634,256
DA:635,128
DA:636,384
DA:637,128
DA:638,128
DA:639,16
DA:641,112
DA:642,112
DA:643,224
DA:651,224
DA:652,336
DA:653,112
DA:654,112
DA:655,16
DA:657,96
DA:658,96
DA:659,128
DA:666,128
DA:667,192
DA:668,64
DA:669,64
DA:670,16
DA:672,48
DA:673,48
DA:674,192
DA:682,192
DA:683,288
DA:684,96
DA:685,96
DA:686,16
DA:688,80
DA:689,80
DA:690,192
DA:695,192
DA:696,96
DA:697,96
DA:698,16
DA:700,80
DA:701,80
DA:702,224
DA:710,224
DA:711,336
DA:712,112
DA:713,112
DA:714,16
DA:716,96
DA:717,96
DA:718,224
DA:725,224
DA:726,336
DA:727,112
DA:728,112
DA:729,16
DA:731,96
DA:732,96
DA:733,192
DA:740,192
DA:741,288
DA:742,96
DA:743,96
DA:744,16
DA:746,80
DA:747,80
DA:748,224
DA:755,224
DA:756,112
DA:757,336
DA:758,112
DA:759,112
DA:760,16
DA:762,96
DA:763,96
DA:764,256
DA:772,256
DA:773,384
DA:774,128
DA:775,128
DA:776,16
DA:778,112
DA:779,112
DA:780,256
DA:788,256
DA:789,384
DA:790,128
DA:791,128
DA:792,16
DA:794,112
DA:795,112
DA:796,256
DA:804,256
DA:805,384
DA:806,128
DA:807,128
DA:808,16
DA:810,112
DA:811,112
DA:812,256
DA:821,256
DA:822,384
DA:823,128
DA:824,128
DA:825,16
DA:827,112
DA:828,112
DA:829,256
DA:837,256
DA:838,384
DA:839,128
DA:840,128
DA:841,16
DA:843,112
DA:844,112
DA:845,288
DA:855,288
DA:856,432
DA:857,144
DA:858,144
DA:859,16
DA:861,128
DA:862,128
DA:863,224
DA:871,224
DA:872,336
DA:873,112
DA:874,112
DA:875,16
DA:877,96
DA:878,96
DA:879,4320
DA:880,4320
DA:881,96
DA:882,96
DA:883,96
DA:884,64
DA:885,48
DA:886,16
DA:887,16
DA:888,16
DA:889,16
DA:890,16
DA:891,16
DA:892,16
DA:893,16
DA:894,16
DA:895,16
DA:896,16
DA:897,112
DA:898,96
DA:899,96
DA:900,96
DA:902,16
DA:903,16
DA:904,80
DA:905,80
DA:906,80
DA:907,48
DA:909,32
DA:910,32
DA:911,32
DA:912,32
DA:913,32
DA:914,32
DA:915,32
DA:916,32
DA:917,96
DA:918,96
DA:919,96
DA:920,32
DA:922,64
DA:923,32
DA:925,32
DA:926,16
DA:928,16
DA:929,16
DA:930,16
DA:931,16
DA:932,16
DA:933,16
DA:934,16
DA:935,16
DA:936,16
DA:937,16
DA:938,16
DA:939,16
DA:940,16
DA:941,160
DA:942,144
DA:943,144
DA:944,144
DA:946,16
DA:947,16
DA:948,112
DA:949,112
DA:950,112
DA:951,64
DA:953,48
DA:954,32
DA:955,16
DA:956,16
DA:957,16
DA:958,16
DA:959,16
DA:960,16
DA:961,16
DA:962,16
DA:963,16
DA:964,16
DA:965,16
DA:966,16
DA:967,16
DA:968,16
DA:969,160
DA:970,144
DA:971,144
DA:972,144
DA:974,16
DA:975,16
DA:976,96
DA:977,96
DA:978,96
DA:979,32
DA:981,64
DA:982,32
DA:983,16
DA:984,16
DA:985,16
DA:986,16
DA:987,16
DA:988,16
DA:989,16
DA:990,16
DA:991,16
DA:992,16
DA:993,16
DA:994,16
DA:995,16
DA:996,144
DA:997,128
DA:998,128
DA:999,128
DA:1001,16
DA:1002,16
DA:1003,48
DA:1004,48
DA:1005,48
DA:1006,32
DA:1008,16
DA:1009,16
DA:1010,16
DA:1011,16
DA:1012,16
DA:1013,16
DA:1014,16
DA:1015,16
DA:1016,384
DA:1017,384
DA:1018,384
DA:1019,384
DA:1020,384
DA:1022,16
DA:1023,16
DA:1024,16
DA:1025,0
DA:1027,16
DA:1028,0
DA:1030,16
DA:1031,16
DA:1032,80
DA:1033,80
DA:1034,80
DA:1035,32
DA:1037,48
DA:1038,32
DA:1039,16
DA:1040,16
DA:1041,16
DA:1042,16
DA:1043,16
DA:1044,16
DA:1045,16
DA:1046,16
DA:1047,16
DA:1048,16
DA:1049,16
DA:1050,160
DA:1051,144
DA:1052,144
DA:1053,144
DA:1055,16
DA:1056,16
DA:1057,96
DA:1058,96
DA:1059,96
DA:1060,48
DA:1062,48
DA:1063,16
DA:1065,32
DA:1066,32
DA:1067,32
DA:1068,32
DA:1069,32
DA:1070,32
DA:1071,32
DA:1072,32
DA:1073,96
DA:1074,96
DA:1075,96
DA:1076,32
DA:1078,64
DA:1079,48
DA:1080,16
DA:1081,16
DA:1082,16
DA:1083,16
DA:1084,16
DA:1085,16
DA:1086,16
DA:1087,16
DA:1088,16
DA:1089,176
DA:1090,160
DA:1091,160
DA:1092,160
DA:1094,16
DA:1095,16
DA:1096,112
DA:1097,112
DA:1098,112
DA:1099,48
DA:1101,64
DA:1102,48
DA:1103,32
DA:1104,32
DA:1105,32
DA:1106,32
DA:1107,32
DA:1108,32
DA:1109,32
DA:1110,32
DA:1111,80
DA:1112,80
DA:1113,80
DA:1114,32
DA:1116,48
DA:1117,16
DA:1118,16
DA:1119,16
DA:1120,16
DA:1121,16
DA:1122,16
DA:1123,16
DA:1124,16
DA:1125,16
DA:1126,176
DA:1127,160
DA:1128,160
DA:1129,160
DA:1131,16
DA:1132,16
DA:1133,96
DA:1134,96
DA:1135,96
DA:1136,64
DA:1137,48
DA:1138,32
DA:1139,16
DA:1140,16
DA:1141,16
DA:1142,16
DA:1143,16
DA:1144,16
DA:1145,16
DA:1146,16
DA:1147,16
DA:1148,16
DA:1149,16
DA:1150,16
DA:1151,16
DA:1152,16
DA:1153,208
DA:1154,192
DA:1155,192
DA:1156,192
DA:1158,16
DA:1159,16
DA:1160,112
DA:1161,112
DA:1162,112
DA:1163,32
DA:1165,80
DA:1166,48
DA:1167,32
DA:1168,16
DA:1169,16
DA:1170,16
DA:1171,16
DA:1172,16
DA:1173,16
DA:1174,16
DA:1175,16
DA:1176,16
DA:1177,16
DA:1178,208
DA:1179,192
DA:1180,192
DA:1181,192
DA:1183,16
DA:1184,16
DA:1185,112
DA:1186,112
DA:1187,112
DA:1188,32
DA:1190,80
DA:1191,48
DA:1192,32
DA:1193,16
DA:1194,16
DA:1195,16
DA:1196,16
DA:1197,16
DA:1198,16
DA:1199,16
DA:1200,16
DA:1201,16
DA:1202,16
DA:1203,16
DA:1204,16
DA:1205,16
DA:1206,176
DA:1207,160
DA:1208,160
DA:1209,160
DA:1211,16
DA:1212,16
DA:1213,112
DA:1214,112
DA:1215,112
DA:1216,32
DA:1218,80
DA:1219,64
DA:1220,32
DA:1221,16
DA:1222,16
DA:1223,16
DA:1224,16
DA:1225,16
DA:1226,16
DA:1227,16
DA:1228,16
DA:1229,16
DA:1230,16
DA:1231,208
DA:1232,192
DA:1233,192
DA:1234,192
DA:1236,16
DA:1237,16
DA:1238,112
DA:1239,112
DA:1240,112
DA:1241,48
DA:1243,64
DA:1244,32
DA:1245,16
DA:1246,16
DA:1247,16
DA:1248,16
DA:1249,16
DA:1250,16
DA:1251,16
DA:1252,16
DA:1253,16
DA:1254,16
DA:1255,16
DA:1256,208
DA:1257,192
DA:1258,192
DA:1259,192
DA:1261,16
DA:1262,16
DA:1263,112
DA:1264,112
DA:1265,112
DA:1266,32
DA:1268,80
DA:1269,48
DA:1270,32
DA:1271,16
DA:1272,16
DA:1273,16
DA:1274,16
DA:1275,16
DA:1276,16
DA:1277,16
DA:1278,16
DA:1279,16
DA:1280,16
DA:1281,16
DA:1282,16
DA:1283,208
DA:1284,192
DA:1285,192
DA:1286,192
DA:1288,16
DA:1289,16
DA:1290,128
DA:1291,128
DA:1292,128
DA:1293,64
DA:1295,64
DA:1296,48
DA:1297,32
DA:1298,16
DA:1299,16
DA:1300,16
DA:1301,16
DA:1302,16
DA:1303,16
DA:1304,16
DA:1305,16
DA:1306,16
DA:1307,16
DA:1308,16
DA:1309,16
DA:1310,240
DA:1311,224
DA:1312,224
DA:1313,224
DA:1315,16
DA:1316,16
DA:1317,96
DA:1318,96
DA:1319,96
DA:1320,32
DA:1322,64
DA:1323,32
DA:1324,16
DA:1325,16
DA:1326,16
DA:1327,16
DA:1328,16
DA:1329,16
DA:1330,16
DA:1331,16
DA:1332,16
DA:1333,16
DA:1334,192
DA:1335,176
DA:1336,176
DA:1337,176
DA:1339,16
DA:1340,16
DA:1341,992
DA:1342,992
DA:1343,16
DA:1344,16
DA:1345,16
DA:1346,16
DA:1347,32
DA:1348,32
DA:1349,16
DA:1351,16
DA:1352,16
DA:1353,48
DA:1354,48
DA:1355,16
DA:1357,32
DA:1358,32
DA:1359,32
DA:1360,128
DA:1361,128
DA:1362,128
DA:1363,128
DA:1364,16
DA:1365,16
DA:1366,16
DA:1367,16
DA:1368,32
DA:1369,32
DA:1371,0
DA:1372,0
DA:1374,16
DA:1375,16
DA:1377,32
DA:1378,32
DA:1380,16
DA:1381,16
DA:1383,32
DA:1384,32
DA:1385,0
DA:1387,32
DA:1388,32
DA:1389,32
DA:1390,32
DA:1391,0
DA:1392,32
DA:1393,16
DA:1395,16
DA:1396,32
DA:1397,32
DA:1398,32
DA:1399,0
DA:1401,32
DA:1402,32
DA:1403,32
DA:1404,32
DA:1405,16
DA:1407,16
DA:1408,32
DA:1409,32
DA:1410,32
DA:1411,16
DA:1413,16
DA:1414,32
DA:1415,16
DA:1416,16
DA:1418,384
DA:1419,9792
DA:1420,9600
DA:1421,9600
DA:1422,384
DA:1423,96
DA:1424,96
DA:1425,192
DA:1426,96
DA:1427,96
DA:1428,96
DA:1429,96
DA:1430,192
DA:1431,192
DA:1432,192
DA:1433,192
DA:1434,192
DA:1435,192
DA:1436,16
DA:1437,16
DA:1438,16
DA:1439,48
DA:1440,80
DA:1441,96
DA:1442,96
DA:1443,96
DA:1444,96
DA:1445,16
DA:1446,16
DA:1448,80
DA:1449,32
DA:1450,32
DA:1452,48
DA:1453,16
DA:1454,16
DA:1456,32
DA:1457,32
DA:1458,32
DA:1460,48
DA:1461,32
DA:1462,32
DA:1464,32
DA:1465,32
DA:1467,48
DA:1468,48
DA:1469,112
DA:1470,64
DA:1471,48
DA:1472,48
DA:1473,64
DA:1474,48
DA:1476,16
DA:1477,16
DA:1478,32
DA:1479,16
DA:1480,16
DA:1481,16
DA:1482,16
DA:1483,16
DA:1485,16
DA:1486,32
DA:1487,32
DA:1488,16
DA:1489,16
DA:1490,16
DA:1491,16
DA:1492,16
DA:1493,16
DA:1494,16
DA:1495,16
DA:1496,64
DA:1497,64
DA:1498,32
DA:1500,32
DA:1501,64
DA:1502,112
DA:1503,112
DA:1505,16
DA:1506,16
DA:1508,16
DA:1509,16
DA:1511,16
DA:1512,16
DA:1514,1088
DA:1515,544
DA:1516,1088
DA:1517,112
DA:1518,112
DA:1519,48
DA:1521,64
DA:1522,0
DA:1524,64
DA:1525,64
DA:1526,64
DA:1527,64
DA:1528,112
DA:1529,48
DA:1530,48
DA:1531,32
DA:1533,16
DA:1534,16
DA:1535,48
DA:1536,48
DA:1537,48
DA:1538,32
DA:1540,16
DA:1541,16
DA:1542,16
DA:1543,48
DA:1544,112
DA:1545,112
DA:1546,48
DA:1548,64
DA:1549,64
DA:1550,112
DA:1551,144
DA:1552,144
DA:1553,64
DA:1555,80
DA:1556,64
DA:1558,16
DA:1559,144
DA:1560,112
DA:1561,112
DA:1562,32
DA:1564,80
DA:1565,112
DA:1566,32
DA:1567,32
DA:1568,16
DA:1570,16
DA:1571,32
DA:1572,96
DA:1573,96
DA:1574,48
DA:1576,48
DA:1577,96
DA:1578,80
DA:1579,80
DA:1580,32
DA:1582,48
DA:1583,80
DA:1584,80
DA:1585,80
DA:1586,32
DA:1588,48
DA:1589,16
DA:1591,32
DA:1592,32
DA:1593,80
DA:1594,32
DA:1595,32
DA:1596,32
DA:1598,0
DA:1599,32
DA:1600,64
DA:1601,64
DA:1603,32
DA:1604,32
DA:1606,16
DA:1607,16
LF:1295
LH:1266
end_of_record
TN:
SF:/Users/jamesmaxwell/student/sem3/ppois/lab2/gallery.hpp
FNL:0,106
FNA:0,0,_ZN28UnderexposedArtworkExceptionD0Ev
FNA:0,0,_ZN28UnderexposedArtworkExceptionD1Ev
FNA:0,0,_ZN28UnderexposedArtworkExceptionD2Ev
FNL:1,113,113
FNA:1,0,_ZN28UnderexposedArtworkExceptionC1EPKc
FNA:1,0,_ZN28UnderexposedArtworkExceptionC2EPKc
FNL:2,120
FNA:2,0,_ZN16StorageExceptionD0Ev
FNA:2,16,_ZN16StorageExceptionD1Ev
FNA:2,16,_ZN16StorageExceptionD2Ev
FNL:3,127,127
FNA:3,16,_ZN16StorageExceptionC1EPKc
FNA:3,16,_ZN16StorageExceptionC2EPKc
FNL:4,1380,1380
FNA:4,0,_ZN10ExhibitionD0Ev
FNA:4,0,_ZN10ExhibitionD1Ev
FNA:4,2544,_ZN10ExhibitionD2Ev
FNL:5,1392,1393
FNA:5,2080,_ZNK10Exhibition7getNameEv
FNL:6,1437
FNA:6,0,_ZN18PaintingExhibitionD0Ev
FNA:6,480,_ZN18PaintingExhibitionD1Ev
FNA:6,480,_ZN18PaintingExhibitionD2Ev
FNL:7,1479
FNA:7,0,_ZN19SculptureExhibitionD0Ev
FNA:7,80,_ZN19SculptureExhibitionD1Ev
FNA:7,80,_ZN19SculptureExhibitionD2Ev
FNL:8,1518
FNA:8,0,_ZN21PhotographyExhibitionD0Ev
FNA:8,112,_ZN21PhotographyExhibitionD1Ev
FNA:8,112,_ZN21PhotographyExhibitionD2Ev
FNL:9,1563
FNA:9,0,_ZN20MixedMediaExhibitionD0Ev
FNA:9,128,_ZN20MixedMediaExhibitionD1Ev
FNA:9,128,_ZN20MixedMediaExhibitionD2Ev
FNL:10,1614
FNA:10,0,_ZN20DigitalArtExhibitionD0Ev
FNA:10,112,_ZN20DigitalArtExhibitionD1Ev
FNA:10,112,_ZN20DigitalArtExhibitionD2Ev
FNL:11,162
FNA:11,0,_ZN26InsufficientSpaceExceptionD0Ev
FNA:11,48,_ZN26InsufficientSpaceExceptionD1Ev
FNA:11,48,_ZN26InsufficientSpaceExceptionD2Ev
FNL:12,1659
FNA:12,0,_ZN17VintageExhibitionD0Ev
FNA:12,64,_ZN17VintageExhibitionD1Ev
FNA:12,64,_ZN17VintageExhibitionD2Ev
FNL:13,169,169
FNA:13,48,_ZN26InsufficientSpaceExceptionC1EPKc
FNA:13,48,_ZN26InsufficientSpaceExceptionC2EPKc
FNL:14,1701
FNA:14,0,_ZN22ContemporaryExhibitionD0Ev
FNA:14,96,_ZN22ContemporaryExhibitionD1Ev
FNA:14,96,_ZN22ContemporaryExhibitionD2Ev
FNL:15,1746
FNA:15,0,_ZN20MinimalistExhibitionD0Ev
FNA:15,96,_ZN20MinimalistExhibitionD1Ev
FNA:15,96,_ZN20MinimalistExhibitionD2Ev
FNL:16,176
FNA:16,0,_ZN22InvalidAccessExceptionD0Ev
FNA:16,16,_ZN22InvalidAccessExceptionD1Ev
FNA:16,16,_ZN22InvalidAccessExceptionD2Ev
FNL:17,1782
FNA:17,0,_ZN18AbstractExhibitionD0Ev
FNA:17,112,_ZN18AbstractExhibitionD1Ev
FNA:17,112,_ZN18AbstractExhibitionD2Ev
FNL:18,1827
FNA:18,0,_ZN18PortraitExhibitionD0Ev
FNA:18,112,_ZN18PortraitExhibitionD1Ev
FNA:18,112,_ZN18PortraitExhibitionD2Ev
FNL:19,183,183
FNA:19,16,_ZN22InvalidAccessExceptionC1EPKc
FNA:19,16,_ZN22InvalidAccessExceptionC2EPKc
FNL:20,1869
FNA:20,0,_ZN19LandscapeExhibitionD0Ev
FNA:20,96,_ZN19LandscapeExhibitionD1Ev
FNA:20,96,_ZN19LandscapeExhibitionD2Ev
FNL:21,1911
FNA:21,0,_ZN21RestorationExhibitionD0Ev
FNA:21,112,_ZN21RestorationExhibitionD1Ev
FNA:21,112,_ZN21RestorationExhibitionD2Ev
FNL:22,1953
FNA:22,0,_ZN19TemporaryExhibitionD0Ev
FNA:22,128,_ZN19TemporaryExhibitionD1Ev
FNA:22,128,_ZN19TemporaryExhibitionD2Ev
FNL:23,1998
FNA:23,0,_ZN19PermanentExhibitionD0Ev
FNA:23,128,_ZN19PermanentExhibitionD1Ev
FNA:23,128,_ZN19PermanentExhibitionD2Ev
FNL:24,2043
FNA:24,0,_ZN21InteractiveExhibitionD0Ev
FNA:24,128,_ZN21InteractiveExhibitionD1Ev
FNA:24,128,_ZN21InteractiveExhibitionD2Ev
FNL:25,2088
FNA:25,0,_ZN18ThematicExhibitionD0Ev
FNA:25,128,_ZN18ThematicExhibitionD1Ev
FNA:25,128,_ZN18ThematicExhibitionD2Ev
FNL:26,2136
FNA:26,0,_ZN23RetrospectiveExhibitionD0Ev
FNA:26,128,_ZN23RetrospectiveExhibitionD1Ev
FNA:26,128,_ZN23RetrospectiveExhibitionD2Ev
FNL:27,2181
FNA:27,0,_ZN15GroupExhibitionD0Ev
FNA:27,144,_ZN15GroupExhibitionD1Ev
FNA:27,144,_ZN15GroupExhibitionD2Ev
FNL:28,22,29
FNA:28,0,_ZN24ArtworkNotFoundExceptionD0Ev
FNA:28,560,_ZN24ArtworkNotFoundExceptionD1Ev
FNA:28,560,_ZN24ArtworkNotFoundExceptionD2Ev
FNL:29,2232
FNA:29,0,_ZN14SoloExhibitionD0Ev
FNA:29,112,_ZN14SoloExhibitionD1Ev
FNA:29,112,_ZN14SoloExhibitionD2Ev
FNL:30,29,29
FNA:30,560,_ZN24ArtworkNotFoundExceptionC1EPKc
FNA:30,560,_ZN24ArtworkNotFoundExceptionC2EPKc
FNL:31,36
FNA:31,0,_ZN25NotEnoughArtworkExceptionD0Ev
FNA:31,16,_ZN25NotEnoughArtworkExceptionD1Ev
FNA:31,16,_ZN25NotEnoughArtworkExceptionD2Ev
FNL:32,43,43
FNA:32,16,_ZN25NotEnoughArtworkExceptionC1EPKc
FNA:32,16,_ZN25NotEnoughArtworkExceptionC2EPKc
FNL:33,50
FNA:33,0,_ZN25ToolNotAvailableExceptionD0Ev
FNA:33,1152,_ZN25ToolNotAvailableExceptionD1Ev
FNA:33,1152,_ZN25ToolNotAvailableExceptionD2Ev
FNL:34,57,57
FNA:34,1152,_ZN25ToolNotAvailableExceptionC1EPKc
FNA:34,1152,_ZN25ToolNotAvailableExceptionC2EPKc
FNL:35,64
FNA:35,0,_ZN25InvalidConditionExceptionD0Ev
FNA:35,96,_ZN25InvalidConditionExceptionD1Ev
FNA:35,96,_ZN25InvalidConditionExceptionD2Ev
FNL:36,71,71
FNA:36,96,_ZN25InvalidConditionExceptionC1EPKc
FNA:36,96,_ZN25InvalidConditionExceptionC2EPKc
FNL:37,78
FNA:37,0,_ZN20TimerNotSetExceptionD0Ev
FNA:37,320,_ZN20TimerNotSetExceptionD1Ev
FNA:37,320,_ZN20TimerNotSetExceptionD2Ev
FNL:38,85,85
FNA:38,320,_ZN20TimerNotSetExceptionC1EPKc
FNA:38,320,_ZN20TimerNotSetExceptionC2EPKc
FNL:39,92
FNA:39,0,_ZN27OverexposedArtworkExceptionD0Ev
FNA:39,0,_ZN27OverexposedArtworkExceptionD1Ev
FNA:39,0,_ZN27OverexposedArtworkExceptionD2Ev
FNL:40,99,99
FNA:40,0,_ZN27OverexposedArtworkExceptionC1EPKc
FNA:40,0,_ZN27OverexposedArtworkExceptionC2EPKc
FNF:41
FNH:37
DA:29,1120
DA:43,32
DA:57,2304
DA:71,192
DA:85,640
DA:99,0
DA:113,0
DA:127,32
DA:169,96
DA:183,32
DA:1380,2544
DA:1392,2080
DA:1393,2080
LF:13
LH:11
end_of_record
TN:
SF:/Users/jamesmaxwell/student/sem3/ppois/lab2/main.cpp
FNL:0,141,304
FNA:0,0,_Z16runGallerySystemb
FNL:1,17,18
FNA:1,0,_ZN12_GLOBAL__N_113createArtworkEPKcddbP9Dimensioni
FNL:2,21,25
FNA:2,0,_ZN12_GLOBAL__N_120initializeDimensionsER9DimensionS1_S1_
FNL:3,27,85
FNA:3,0,_ZN12_GLOBAL__N_127initializeArtworkCollectionERNSt3__16vectorI7ArtworkNS0_9allocatorIS2_EEEEP9Dimension
FNL:4,87,129
FNA:4,0,_ZN12_GLOBAL__N_115initializeToolsERNSt3__16vectorI5FrameNS0_9allocatorIS2_EEEERNS1_I8LightingNS3_IS7_EEEERNS1_I14SecurityCameraNS3_ISB_EEEERNS1_I12DisplayStandNS3_ISF_EEEERNS1_I14RestorationKitNS3_ISJ_EEEERNS1_I11CleaningKitNS3_ISN_EEEERNS1_I14ClimateControlNS3_ISR_EEEERNS1_I14SecuritySystemNS3_ISV_EEEERNS1_I5TimerNS3_ISZ_EEEE
FNF:5
FNH:0
DA:17,0
DA:18,0
DA:21,0
DA:22,0
DA:23,0
DA:24,0
DA:25,0
DA:27,0
DA:33,0
DA:74,0
DA:75,0
DA:76,0
DA:77,0
DA:78,0
DA:79,0
DA:80,0
DA:81,0
DA:82,0
DA:84,0
DA:85,0
DA:87,0
DA:98,0
DA:99,0
DA:100,0
DA:102,0
DA:103,0
DA:104,0
DA:106,0
DA:107,0
DA:108,0
DA:110,0
DA:111,0
DA:112,0
DA:114,0
DA:115,0
DA:117,0
DA:118,0
DA:120,0
DA:121,0
DA:123,0
DA:124,0
DA:126,0
DA:127,0
DA:128,0
DA:129,0
DA:141,0
DA:143,0
DA:144,0
DA:146,0
DA:147,0
DA:149,0
DA:150,0
DA:151,0
DA:152,0
DA:153,0
DA:154,0
DA:155,0
DA:156,0
DA:157,0
DA:159,0
DA:162,0
DA:163,0
DA:165,0
DA:166,0
DA:169,0
DA:171,0
DA:172,0
DA:175,0
DA:177,0
DA:178,0
DA:181,0
DA:183,0
DA:184,0
DA:187,0
DA:189,0
DA:190,0
DA:193,0
DA:195,0
DA:196,0
DA:199,0
DA:201,0
DA:202,0
DA:205,0
DA:207,0
DA:210,0
DA:212,0
DA:213,0
DA:216,0
DA:218,0
DA:219,0
DA:222,0
DA:224,0
DA:225,0
DA:228,0
DA:230,0
DA:231,0
DA:234,0
DA:236,0
DA:237,0
DA:240,0
DA:242,0
DA:243,0
DA:246,0
DA:248,0
DA:249,0
DA:252,0
DA:254,0
DA:255,0
DA:258,0
DA:260,0
DA:261,0
DA:264,0
DA:266,0
DA:267,0
DA:270,0
DA:272,0
DA:273,0
DA:276,0
DA:277,0
DA:278,0
DA:280,0
DA:281,0
DA:283,0
DA:291,0
DA:292,0
DA:295,0
DA:296,0
DA:297,0
DA:298,0
DA:300,0
DA:301,0
DA:302,0
DA:303,0
DA:304,0
LF:134
LH:0
end_of_record
