TN:
SF:/Users/jamesmaxwell/student/sem3/ppois/lab2/gallery.cpp
FNL:0,1003,1031
FNA:0,42,_ZN7Curator15organizeVintageEP17VintageExhibition
FNL:1,101,102
FNA:1,14,_ZNK7Artwork7getNameEv
FNL:2,1032,1056
FNA:2,70,_ZN7Curator20organizeContemporaryEP22ContemporaryExhibition
FNL:3,104,105
FNA:3,14,_ZNK7Artwork8getValueEv
FNL:4,1057,1072
FNA:4,84,_ZN7Curator18organizeMinimalistEP20MinimalistExhibition
FNL:5,107,108
FNA:5,28,_ZNK7Artwork15isAuthenticatedEv
FNL:6,1073,1095
FNA:6,84,_ZN7Curator16organizeAbstractEP18AbstractExhibition
FNL:7,1096,1110
FNA:7,98,_ZN7Curator16organizePortraitEP18PortraitExhibition
FNL:8,11,12
FNA:8,28,_ZNK9Dimension5getIdEv
FNL:9,110,116
FNA:9,56,_ZNK7Artwork24calculateMaintenanceCostEv
FNL:10,1111,1132
FNA:10,70,_ZN7Curator17organizeLandscapeEP19LandscapeExhibition
FNL:11,1133,1159
FNA:11,84,_ZN7Curator19organizeRestorationEP21RestorationExhibition
FNL:12,1160,1184
FNA:12,98,_ZN7Curator17organizeTemporaryEP19TemporaryExhibition
FNL:13,118,119
FNA:13,56,_ZNK7Artwork21isAvailableForDisplayEv
FNL:14,1185,1212
FNA:14,98,_ZN7Curator17organizePermanentEP19PermanentExhibition
FNL:15,121,128
FNA:15,42,_ZNK7Artwork21calculateDepreciationEi
FNL:16,1213,1237
FNA:16,98,_ZN7Curator19organizeInteractiveEP21InteractiveExhibition
FNL:17,1238,1262
FNA:17,98,_ZN7Curator16organizeThematicEP18ThematicExhibition
FNL:18,1263,1289
FNA:18,98,_ZN7Curator21organizeRetrospectiveEP23RetrospectiveExhibition
FNL:19,129,135
FNA:19,14,_ZNK7Artwork15needsInspectionEv
FNL:20,1290,1316
FNA:20,112,_ZN7Curator13organizeGroupEP15GroupExhibition
FNL:21,1317,1340
FNA:21,84,_ZN7Curator12organizeSoloEP14SoloExhibition
FNL:22,1341,1342
FNA:22,434,_ZN7VisitorC1EPKcib
FNA:22,434,_ZN7VisitorC2EPKcib
FNL:23,1343,1346
FNA:23,14,_ZN7Visitor14purchaseTicketEv
FNL:24,1347,1352
FNA:24,28,_ZN7Visitor12enterGalleryEv
FNL:25,1353,1359
FNA:25,42,_ZN7Visitor11viewArtworkEP7Artwork
FNL:26,136,142
FNA:26,42,_ZNK7Artwork24calculateRestorationCostEd
FNL:27,1360,1363
FNA:27,112,_ZN7Visitor11addFavoriteEv
FNL:28,1364,1367
FNA:28,14,_ZN7Visitor14joinGuidedTourEv
FNL:29,1368,1369
FNA:29,28,_ZNK7Visitor19canAccessRestrictedEv
FNL:30,1371,1372
FNA:30,0,_ZNK7Visitor14getAccessLevelEv
FNL:31,1374,1375
FNA:31,14,_ZNK7Visitor7getNameEv
FNL:32,1377,1378
FNA:32,28,_ZNK7Visitor16getVisitDurationEv
FNL:33,1380,1381
FNA:33,14,_ZNK7Visitor27calculateTotalBaggageWeightEdd
FNL:34,1383,1388
FNA:34,28,_ZNK7Visitor12hasValidVisaEPKc
FNL:35,1389,1396
FNA:35,28,_ZNK7Visitor24calculateLoyaltyDiscountEd
FNL:36,1397,1402
FNA:36,28,_ZN7Visitor18requestSpecialMealEPKc
FNL:37,14,16
FNA:37,14,_ZN9Dimension12setPrecisionEd
FNL:38,1403,1408
FNA:38,28,_ZN7Visitor20checkInForExhibitionEPKc
FNL:39,1409,1414
FNA:39,28,_ZN7Visitor17cancelReservationEi
FNL:40,1415,1416
FNA:40,14,_ZNK7Visitor24calculateTotalTravelCostEddd
FNL:41,1418,1422
FNA:41,168,_ZN11GalleryMenuC1Ev
FNA:41,168,_ZN11GalleryMenuC2Ev
FNL:42,1423,1429
FNA:42,84,_ZNK11GalleryMenu4showEv
FNL:43,143,144
FNA:43,210,_ZN11GalleryToolC1EPKcbbi
FNA:43,6496,_ZN11GalleryToolC2EPKcbbi
FNL:44,1430,1435
FNA:44,168,_ZN11GalleryMenu13addExhibitionEP10Exhibition
FNL:45,1436,1438
FNA:45,14,_ZN11GalleryMenu10setVisitorEP7Visitor
FNL:46,1439,1460
FNA:46,42,_ZN11GalleryMenu3runEv
FNL:47,145,156
FNA:47,644,_ZN11GalleryTool7useToolEv
FNL:48,1461,1462
FNA:48,28,_ZNK11GalleryMenu18getExhibitionCountEv
FNL:49,1464,1465
FNA:49,28,_ZNK11GalleryMenu17getCurrentVisitorEv
FNL:50,1467,1474
FNA:50,42,_ZNK11GalleryMenu17searchExhibitionsEPKc
FNL:51,1476,1483
FNA:51,14,_ZNK11GalleryMenu26filterAvailableExhibitionsEv
FNL:52,1485,1495
FNA:52,14,_ZN11GalleryMenu21sortExhibitionsByNameEv
FNL:53,1496,1501
FNA:53,56,_ZNK11GalleryMenu20getExhibitionByIndexEi
FNL:54,1502,1503
FNA:54,98,_ZNK10Exhibition13isFullyBookedEv
FNL:55,1505,1506
FNA:55,14,_ZNK10Exhibition27calculateExhibitionDurationEv
FNL:56,1508,1509
FNA:56,14,_ZNK10Exhibition8isOnTimeEv
FNL:57,1511,1512
FNA:57,14,_ZNK10Exhibition17getAvailableSeatsEv
FNL:58,1514,1516
FNA:58,476,_ZN12TicketSystemC1EPKci
FNA:58,476,_ZN12TicketSystemC2EPKci
FNL:59,1517,1528
FNA:59,98,_ZN12TicketSystem13createBookingEP7VisitorP10Exhibition
FNL:60,1529,1535
FNA:60,42,_ZN12TicketSystem13cancelBookingEi
FNL:61,1536,1543
FNA:61,42,_ZN12TicketSystem20calculateTicketPriceEP10ExhibitionP7Visitor
FNL:62,1544,1550
FNA:62,98,_ZN12TicketSystem14processPaymentEdPKc
FNL:63,1551,1559
FNA:63,126,_ZN12TicketSystem13transferMoneyEPKcS1_d
FNL:64,1560,1565
FNA:64,98,_ZN12TicketSystem14verifyPasswordEPKcS1_
FNL:65,1566,1571
FNA:65,28,_ZN12TicketSystem27checkExhibitionAvailabilityEP10Exhibition
FNL:66,157,159
FNA:66,14,_ZN11GalleryTool9cleanToolEv
FNL:67,1572,1577
FNA:67,84,_ZN12TicketSystem11reserveSeatEP7Visitori
FNL:68,1578,1583
FNA:68,70,_ZN12TicketSystem21cancelSeatReservationEi
FNL:69,1584,1593
FNA:69,70,_ZN12TicketSystem19calculateBaggageFeeEd
FNL:70,1594,1599
FNA:70,28,_ZN12TicketSystem20checkVisaRequirementEP7VisitorP10Exhibition
FNL:71,160,163
FNA:71,112,_ZN11GalleryTool9breakToolEv
FNL:72,1600,1601
FNA:72,56,_ZNK12TicketSystem15getTotalRevenueEv
FNL:73,1603,1604
FNA:73,28,_ZNK12TicketSystem16getTotalBookingsEv
FNL:74,1606,1607
FNA:74,14,_ZNK12TicketSystem14isSystemActiveEv
FNL:75,164,165
FNA:75,910,_ZNK11GalleryTool11isAvailableEv
FNL:76,167,168
FNA:76,14,_ZNK11GalleryTool7getNameEv
FNL:77,17,18
FNA:77,0,_ZNK9Dimension10isStandardEv
FNL:78,170,172
FNA:78,1806,_ZN5FrameC1EPKcbii
FNA:78,1806,_ZN5FrameC2EPKcbii
FNL:79,173,175
FNA:79,28,_ZN5Frame13addProtectionEv
FNL:80,176,178
FNA:80,14,_ZN5Frame16removeProtectionEv
FNL:81,179,180
FNA:81,112,_ZNK5Frame10canProtectEv
FNL:82,182,183
FNA:82,14,_ZNK5Frame8getWidthEv
FNL:83,185,196
FNA:83,56,_ZNK5Frame21calculateComfortScoreEv
FNL:84,198,203
FNA:84,84,_ZNK5Frame20isSuitableForArtworkEd
FNL:85,20,23
FNA:85,70,_ZNK9Dimension15fromCentimetersEd
FNL:86,204,207
FNA:86,70,_ZN5Frame14adjustPositionEi
FNL:87,208,210
FNA:87,1974,_ZN8LightingC1EPKcbbi
FNA:87,1974,_ZN8LightingC2EPKcbbi
FNL:88,211,213
FNA:88,14,_ZN8Lighting3dimEv
FNL:89,214,216
FNA:89,224,_ZN8Lighting8brightenEv
FNL:90,217,218
FNA:90,70,_ZNK8Lighting16isSafeForArtworkEv
FNL:91,220,221
FNA:91,28,_ZNK8Lighting5isLEDEv
FNL:92,223,228
FNA:92,70,_ZNK8Lighting25calculatePowerConsumptionEv
FNL:93,229,233
FNA:93,70,_ZN8Lighting13setBrightnessEi
FNL:94,234,235
FNA:94,42,_ZNK8Lighting20meetsSafetyStandardsEv
FNL:95,237,239
FNA:95,840,_ZN14SecurityCameraC1EPKcdbb
FNA:95,840,_ZN14SecurityCameraC2EPKcdbb
FNL:96,24,30
FNA:96,14,_ZNK9Dimension9convertToEdPS_
FNL:97,240,247
FNA:97,126,_ZN14SecurityCamera14startRecordingEv
FNL:98,248,251
FNA:98,28,_ZN14SecurityCamera13stopRecordingEv
FNL:99,252,253
FNA:99,42,_ZNK14SecurityCamera11isRecordingEv
FNL:100,255,256
FNA:100,42,_ZNK14SecurityCamera8getAngleEv
FNL:101,258,262
FNA:101,56,_ZN14SecurityCamera11adjustAngleEd
FNL:102,263,269
FNA:102,98,_ZNK14SecurityCamera21calculateCoverageAreaEd
FNL:103,270,276
FNA:103,70,_ZNK14SecurityCamera14canMonitorAreaEd
FNL:104,277,279
FNA:104,1050,_ZN12DisplayStandC1EPKcdbb
FNA:104,1050,_ZN12DisplayStandC2EPKcdbb
FNL:105,280,286
FNA:105,196,_ZN12DisplayStand12startDisplayEv
FNL:106,287,289
FNA:106,14,_ZN12DisplayStand11stopDisplayEv
FNL:107,290,291
FNA:107,98,_ZNK12DisplayStand10canDisplayEd
FNL:108,293,294
FNA:108,28,_ZNK12DisplayStand13checkHasCoverEv
FNL:109,296,301
FNA:109,42,_ZNK12DisplayStand20calculateDisplayTimeEi
FNL:110,3,4
FNA:110,196,_ZN9DimensionC1EPKcdbi
FNA:110,196,_ZN9DimensionC2EPKcdbi
FNL:111,302,304
FNA:111,42,_ZNK12DisplayStand20canHandleVisitorLoadEi
FNL:112,306,311
FNA:112,28,_ZNK12DisplayStand20calculateUtilizationEv
FNL:113,31,32
FNA:113,28,_ZNK9Dimension18validateConversionEd
FNL:114,312,313
FNA:114,2576,_ZN5TimerC1Eibii
FNA:114,2576,_ZN5TimerC2Eibii
FNL:115,314,321
FNA:115,476,_ZN5Timer5startEi
FNL:116,322,330
FNA:116,2786,_ZN5Timer4tickEi
FNL:117,331,332
FNA:117,2940,_ZNK5Timer10isFinishedEv
FNL:118,334,335
FNA:118,42,_ZNK5Timer10getElapsedEv
FNL:119,337,338
FNA:119,70,_ZNK5Timer9isRunningEv
FNL:120,34,35
FNA:120,4480,_ZN4SizeC1EdP9Dimensionbi
FNA:120,4480,_ZN4SizeC2EdP9Dimensionbi
FNL:121,340,345
FNA:121,28,_ZNK5Timer22calculateRemainingTimeEv
FNL:122,346,349
FNA:122,14,_ZN5Timer5resetEv
FNL:123,350,352
FNA:123,28,_ZN5Timer5pauseEv
FNL:124,353,357
FNA:124,28,_ZN5Timer6resumeEv
FNL:125,358,360
FNA:125,462,_ZN14RestorationKitC1EPKcb
FNA:125,462,_ZN14RestorationKitC2EPKcb
FNL:126,36,41
FNA:126,714,_ZNK4Size13toCentimetersEv
FNL:127,361,364
FNA:127,84,_ZN14RestorationKit5equipEv
FNL:128,366,369
FNA:128,42,_ZN14RestorationKit7unequipEv
FNL:129,371,383
FNA:129,42,_ZN14RestorationKit7restoreEv
FNL:130,384,385
FNA:130,98,_ZNK14RestorationKit10isEquippedEv
FNL:131,387,392
FNA:131,28,_ZNK14RestorationKit30calculateRestorationEfficiencyEv
FNL:132,393,394
FNA:132,28,_ZNK14RestorationKit16hasRequiredToolsEi
FNL:133,396,398
FNA:133,154,_ZN11CleaningKitC1EPKci
FNA:133,154,_ZN11CleaningKitC2EPKci
FNL:134,399,405
FNA:134,84,_ZN11CleaningKit5cleanEv
FNL:135,406,407
FNA:135,14,_ZNK11CleaningKit5getIdEv
FNL:136,409,410
FNA:136,924,_ZN16ConditionProfileC1Eddib
FNA:136,924,_ZN16ConditionProfileC2Eddib
FNL:137,411,417
FNA:137,546,_ZNK16ConditionProfile11currentTempEi
FNL:138,418,419
FNA:138,70,_ZNK16ConditionProfile9isReachedEd
FNL:139,42,44
FNA:139,616,_ZN4Size5scaleEd
FNL:140,421,425
FNA:140,238,_ZN16ConditionProfile5resetEddi
FNL:141,426,427
FNA:141,14,_ZNK16ConditionProfile11getDurationEv
FNL:142,429,434
FNA:142,14,_ZNK16ConditionProfile30calculateTemperatureChangeRateEv
FNL:143,435,436
FNA:143,14,_ZNK16ConditionProfile14isValidProfileEv
FNL:144,438,444
FNA:144,14,_ZNK16ConditionProfile26getEstimatedCompletionTimeEi
FNL:145,445,454
FNA:145,728,_ZN14ClimateControlC1Edbb
FNA:145,728,_ZN14ClimateControlC2Edbb
FNL:146,45,46
FNA:146,14,_ZNK4Size6isZeroEv
FNL:147,455,469
FNA:147,280,_ZN14ClimateControl13setConditionsEdi
FNL:148,470,473
FNA:148,56,_ZN14ClimateControl7turnOffEv
FNL:149,474,476
FNA:149,28,_ZN14ClimateControl9closeDoorEv
FNL:150,477,479
FNA:150,14,_ZN14ClimateControl8openDoorEv
FNL:151,48,49
FNA:151,14,_ZNK4Size8getValueEv
FNL:152,480,485
FNA:152,112,_ZN14ClimateControl15setTimerMinutesEi
FNL:153,486,496
FNA:153,448,_ZN14ClimateControl4tickEi
FNL:154,497,498
FNA:154,462,_ZNK14ClimateControl4isOnEv
FNL:155,5,6
FNA:155,742,_ZNK9Dimension13toCentimetersEd
FNL:156,500,501
FNA:156,70,_ZNK14ClimateControl14getTemperatureEv
FNL:157,503,504
FNA:157,28,_ZNK14ClimateControl12isDoorClosedEv
FNL:158,506,508
FNA:158,28,_ZN14ClimateControl11setHumidityEd
FNL:159,509,511
FNA:159,28,_ZN14ClimateControl13activateAlarmEv
FNL:160,51,52
FNA:160,28,_ZNK4Size13isApproximateEv
FNL:161,512,513
FNA:161,42,_ZNK14ClimateControl13isAlarmActiveEv
FNL:162,515,516
FNA:162,56,_ZNK14ClimateControl11getHumidityEv
FNL:163,518,519
FNA:163,0,_ZNK14ClimateControl17getTargetHumidityEv
FNL:164,521,526
FNA:164,14,_ZNK14ClimateControl26calculateEnergyConsumptionEv
FNL:165,527,528
FNA:165,14,_ZNK14ClimateControl16isOptimalClimateEv
FNL:166,530,536
FNA:166,84,_ZN14ClimateControl26adjustTemperatureGraduallyEdi
FNL:167,537,538
FNA:167,14,_ZNK14ClimateControl28calculateMaintenanceScheduleEv
FNL:168,54,60
FNA:168,14,_ZNK4Size18convertToDimensionEP9Dimension
FNL:169,540,541
FNA:169,350,_ZN14SecuritySystemC1Eiibb
FNA:169,350,_ZN14SecuritySystemC2Eiibb
FNL:170,542,547
FNA:170,112,_ZN14SecuritySystem12activateZoneEv
FNL:171,548,555
FNA:171,42,_ZN14SecuritySystem14deactivateZoneEv
FNL:172,556,557
FNA:172,140,_ZNK14SecuritySystem9freeZonesEv
FNL:173,559,560
FNA:173,28,_ZNK14SecuritySystem4isOnEv
FNL:174,562,564
FNA:174,14,_ZN14SecuritySystem16activateAllZonesEv
FNL:175,565,567
FNA:175,14,_ZN14SecuritySystem18deactivateAllZonesEv
FNL:176,568,569
FNA:176,42,_ZNK14SecuritySystem19checkSecurityBreachEv
FNL:177,571,576
FNA:177,56,_ZNK14SecuritySystem25calculateSecurityCoverageEv
FNL:178,577,577
FNA:178,2226,_ZN10ExhibitionC2EPKc
FNL:179,578,588
FNA:179,420,_ZN18PaintingExhibitionC1EPKcP7ArtworkS3_P5FrameP8LightingP5TimerP7Curator
FNA:179,420,_ZN18PaintingExhibitionC2EPKcP7ArtworkS3_P5FrameP8LightingP5TimerP7Curator
FNL:180,589,594
FNA:180,98,_ZN18PaintingExhibition8organizeEv
FNL:181,595,601
FNA:181,70,_ZN19SculptureExhibitionC1EPKcP7ArtworkP12DisplayStandP8LightingP5FrameP7Curator
FNA:181,70,_ZN19SculptureExhibitionC2EPKcP7ArtworkP12DisplayStandP8LightingP5FrameP7Curator
FNL:182,602,607
FNA:182,70,_ZN19SculptureExhibition8organizeEv
FNL:183,608,617
FNA:183,98,_ZN21PhotographyExhibitionC1EPKcP7ArtworkS3_P5FrameP8LightingP14SecurityCameraP5TimerP7Curator
FNA:183,98,_ZN21PhotographyExhibitionC2EPKcP7ArtworkS3_P5FrameP8LightingP14SecurityCameraP5TimerP7Curator
FNL:184,61,64
FNA:184,14,_ZNK4Size19calculateDifferenceERKS_
FNL:185,618,623
FNA:185,98,_ZN21PhotographyExhibition8organizeEv
FNL:186,624,636
FNA:186,112,_ZN20MixedMediaExhibitionC1EPKcP7ArtworkS3_S3_P12DisplayStandP8LightingP5FrameP5TimerP14RestorationKitP7Curator
FNA:186,112,_ZN20MixedMediaExhibitionC2EPKcP7ArtworkS3_S3_P12DisplayStandP8LightingP5FrameP5TimerP14RestorationKitP7Curator
FNL:187,637,642
FNA:187,112,_ZN20MixedMediaExhibition8organizeEv
FNL:188,643,652
FNA:188,98,_ZN20DigitalArtExhibitionC1EPKcP7ArtworkS3_P12DisplayStandP8LightingP14SecurityCameraP5TimerP7Curator
FNA:188,98,_ZN20DigitalArtExhibitionC2EPKcP7ArtworkS3_P12DisplayStandP8LightingP14SecurityCameraP5TimerP7Curator
FNL:189,653,658
FNA:189,98,_ZN20DigitalArtExhibition8organizeEv
FNL:190,659,667
FNA:190,56,_ZN17VintageExhibitionC1EPKcP7ArtworkS3_P5FrameP14ClimateControlP14RestorationKitP7Curator
FNA:190,56,_ZN17VintageExhibitionC2EPKcP7ArtworkS3_P5FrameP14ClimateControlP14RestorationKitP7Curator
FNL:191,66,67
FNA:191,4326,_ZN7ArtworkC1EPKcRK4Sizedb
FNA:191,4326,_ZN7ArtworkC2EPKcRK4Sizedb
FNL:192,668,673
FNA:192,56,_ZN17VintageExhibition8organizeEv
FNL:193,674,683
FNA:193,84,_ZN22ContemporaryExhibitionC1EPKcP7ArtworkS3_P12DisplayStandP8LightingP14SecurityCameraP5TimerP7Curator
FNA:193,84,_ZN22ContemporaryExhibitionC2EPKcP7ArtworkS3_P12DisplayStandP8LightingP14SecurityCameraP5TimerP7Curator
FNL:194,68,75
FNA:194,42,_ZN7Artwork7addSizeEd
FNL:195,684,689
FNA:195,84,_ZN22ContemporaryExhibition8organizeEv
FNL:196,690,695
FNA:196,84,_ZN20MinimalistExhibitionC1EPKcP7ArtworkP5FrameP8LightingP7Curator
FNA:196,84,_ZN20MinimalistExhibitionC2EPKcP7ArtworkP5FrameP8LightingP7Curator
FNL:197,696,701
FNA:197,84,_ZN20MinimalistExhibition8organizeEv
FNL:198,702,711
FNA:198,98,_ZN18AbstractExhibitionC1EPKcP7ArtworkS3_P12DisplayStandP8LightingP5FrameP5TimerP7Curator
FNA:198,98,_ZN18AbstractExhibitionC2EPKcP7ArtworkS3_P12DisplayStandP8LightingP5FrameP5TimerP7Curator
FNL:199,712,717
FNA:199,98,_ZN18AbstractExhibition8organizeEv
FNL:200,718,726
FNA:200,98,_ZN18PortraitExhibitionC1EPKcP7ArtworkS3_P5FrameP8LightingP14SecurityCameraP7Curator
FNA:200,98,_ZN18PortraitExhibitionC2EPKcP7ArtworkS3_P5FrameP8LightingP14SecurityCameraP7Curator
FNL:201,727,732
FNA:201,98,_ZN18PortraitExhibition8organizeEv
FNL:202,733,741
FNA:202,84,_ZN19LandscapeExhibitionC1EPKcP7ArtworkS3_P5FrameP8LightingP5TimerP7Curator
FNA:202,84,_ZN19LandscapeExhibitionC2EPKcP7ArtworkS3_P5FrameP8LightingP5TimerP7Curator
FNL:203,742,747
FNA:203,84,_ZN19LandscapeExhibition8organizeEv
FNL:204,748,757
FNA:204,98,_ZN21RestorationExhibitionC1EPKcP7ArtworkP14RestorationKitP11CleaningKitP14ClimateControlP5TimerP7Curator
FNA:204,98,_ZN21RestorationExhibitionC2EPKcP7ArtworkP14RestorationKitP11CleaningKitP14ClimateControlP5TimerP7Curator
FNL:205,758,763
FNA:205,98,_ZN21RestorationExhibition8organizeEv
FNL:206,76,85
FNA:206,574,_ZN7Artwork7useSizeEd
FNL:207,764,773
FNA:207,112,_ZN19TemporaryExhibitionC1EPKcP7ArtworkS3_P12DisplayStandP8LightingP14SecurityCameraP5TimerP7Curator
FNA:207,112,_ZN19TemporaryExhibitionC2EPKcP7ArtworkS3_P12DisplayStandP8LightingP14SecurityCameraP5TimerP7Curator
FNL:208,774,779
FNA:208,112,_ZN19TemporaryExhibition8organizeEv
FNL:209,780,789
FNA:209,112,_ZN19PermanentExhibitionC1EPKcP7ArtworkS3_P5FrameP14ClimateControlP14SecuritySystemP5TimerP7Curator
FNA:209,112,_ZN19PermanentExhibitionC2EPKcP7ArtworkS3_P5FrameP14ClimateControlP14SecuritySystemP5TimerP7Curator
FNL:210,790,795
FNA:210,112,_ZN19PermanentExhibition8organizeEv
FNL:211,796,805
FNA:211,112,_ZN21InteractiveExhibitionC1EPKcP7ArtworkS3_P12DisplayStandP8LightingP14SecurityCameraP5TimerP7Curator
FNA:211,112,_ZN21InteractiveExhibitionC2EPKcP7ArtworkS3_P12DisplayStandP8LightingP14SecurityCameraP5TimerP7Curator
FNL:212,8,9
FNA:212,56,_ZNK9Dimension8isMetricEv
FNL:213,806,811
FNA:213,112,_ZN21InteractiveExhibition8organizeEv
FNL:214,812,822
FNA:214,112,_ZN18ThematicExhibitionC1EPKcP7ArtworkS3_S3_P5FrameP12DisplayStandP8LightingP5TimerP7Curator
FNA:214,112,_ZN18ThematicExhibitionC2EPKcP7ArtworkS3_S3_P5FrameP12DisplayStandP8LightingP5TimerP7Curator
FNL:215,823,828
FNA:215,112,_ZN18ThematicExhibition8organizeEv
FNL:216,829,838
FNA:216,112,_ZN23RetrospectiveExhibitionC1EPKcP7ArtworkS3_P5FrameP14ClimateControlP14RestorationKitP5TimerP7Curator
FNA:216,112,_ZN23RetrospectiveExhibitionC2EPKcP7ArtworkS3_P5FrameP14ClimateControlP14RestorationKitP5TimerP7Curator
FNL:217,839,844
FNA:217,112,_ZN23RetrospectiveExhibition8organizeEv
FNL:218,845,856
FNA:218,126,_ZN15GroupExhibitionC1EPKcP7ArtworkS3_S3_P12DisplayStandP8LightingP5FrameP14SecurityCameraP5TimerP7Curator
FNA:218,126,_ZN15GroupExhibitionC2EPKcP7ArtworkS3_S3_P12DisplayStandP8LightingP5FrameP14SecurityCameraP5TimerP7Curator
FNL:219,857,862
FNA:219,126,_ZN15GroupExhibition8organizeEv
FNL:220,86,87
FNA:220,56,_ZNK7Artwork9isFragileEv
FNL:221,863,872
FNA:221,98,_ZN14SoloExhibitionC1EPKcP7ArtworkS3_P5FrameP8LightingP12DisplayStandP5TimerP7Curator
FNA:221,98,_ZN14SoloExhibitionC2EPKcP7ArtworkS3_P5FrameP8LightingP12DisplayStandP5TimerP7Curator
FNL:222,873,878
FNA:222,98,_ZN14SoloExhibition8organizeEv
FNL:223,879,880
FNA:223,1890,_ZN7CuratorC1EPKc
FNA:223,1890,_ZN7CuratorC2EPKc
FNL:224,881,903
FNA:224,84,_ZN7Curator16organizePaintingEP18PaintingExhibition
FNL:225,89,91
FNA:225,56,_ZN7Artwork12authenticateEv
FNL:226,904,916
FNA:226,70,_ZN7Curator17organizeSculptureEP19SculptureExhibition
FNL:227,917,947
FNA:227,84,_ZN7Curator19organizePhotographyEP21PhotographyExhibition
FNL:228,92,94
FNA:228,14,_ZN7Artwork17setInsuranceValueEd
FNL:229,948,975
FNA:229,98,_ZN7Curator18organizeMixedMediaEP20MixedMediaExhibition
FNL:230,95,96
FNA:230,0,_ZNK7Artwork7getYearEv
FNL:231,976,1002
FNA:231,84,_ZN7Curator18organizeDigitalArtEP20DigitalArtExhibition
FNL:232,98,99
FNA:232,28,_ZNK7Artwork9getArtistEv
FNF:233
FNH:229
DA:3,392
DA:4,392
DA:5,742
DA:6,742
DA:8,56
DA:9,56
DA:11,28
DA:12,28
DA:14,14
DA:15,14
DA:16,14
DA:17,0
DA:18,0
DA:20,70
DA:21,70
DA:22,70
DA:23,70
DA:24,14
DA:25,14
DA:26,0
DA:28,14
DA:29,14
DA:30,14
DA:31,28
DA:32,28
DA:34,8960
DA:35,8960
DA:36,714
DA:37,714
DA:38,14
DA:40,700
DA:41,0
DA:42,616
DA:43,616
DA:44,616
DA:45,14
DA:46,14
DA:48,14
DA:49,14
DA:51,28
DA:52,28
DA:54,14
DA:55,14
DA:56,0
DA:58,14
DA:59,14
DA:60,14
DA:61,14
DA:62,14
DA:63,14
DA:64,14
DA:66,8652
DA:67,8652
DA:68,42
DA:69,42
DA:70,42
DA:71,42
DA:72,28
DA:73,28
DA:74,28
DA:75,42
DA:76,574
DA:77,574
DA:78,574
DA:79,14
DA:81,560
DA:82,546
DA:83,546
DA:84,546
DA:85,560
DA:86,56
DA:87,56
DA:89,56
DA:90,56
DA:91,56
DA:92,14
DA:93,14
DA:94,14
DA:95,0
DA:96,0
DA:98,28
DA:99,28
DA:101,14
DA:102,14
DA:104,14
DA:105,14
DA:107,28
DA:108,28
DA:110,56
DA:111,56
DA:112,56
DA:113,14
DA:114,14
DA:115,56
DA:116,56
DA:118,56
DA:119,56
DA:121,42
DA:122,42
DA:123,42
DA:125,0
DA:126,0
DA:127,0
DA:128,42
DA:129,14
DA:130,14
DA:131,14
DA:133,0
DA:134,0
DA:135,14
DA:136,42
DA:137,42
DA:138,28
DA:140,14
DA:141,14
DA:142,42
DA:143,6706
DA:144,6706
DA:145,644
DA:146,644
DA:147,70
DA:149,574
DA:150,574
DA:151,574
DA:152,42
DA:153,42
DA:154,42
DA:155,574
DA:156,574
DA:157,14
DA:158,14
DA:159,14
DA:160,112
DA:161,112
DA:162,112
DA:163,112
DA:164,910
DA:165,910
DA:167,14
DA:168,14
DA:170,3612
DA:171,1806
DA:172,3612
DA:173,28
DA:174,28
DA:175,28
DA:176,14
DA:177,14
DA:178,14
DA:179,112
DA:180,112
DA:182,14
DA:183,14
DA:185,56
DA:186,56
DA:187,56
DA:188,42
DA:189,42
DA:190,56
DA:191,28
DA:192,28
DA:193,56
DA:194,56
DA:195,56
DA:196,56
DA:198,84
DA:199,84
DA:200,28
DA:202,56
DA:203,84
DA:204,70
DA:205,70
DA:206,42
DA:207,70
DA:208,3948
DA:209,1974
DA:210,3948
DA:211,14
DA:212,14
DA:213,14
DA:214,224
DA:215,224
DA:216,224
DA:217,70
DA:218,70
DA:220,28
DA:221,28
DA:223,70
DA:224,70
DA:225,42
DA:227,28
DA:228,70
DA:229,70
DA:230,70
DA:231,42
DA:232,42
DA:233,70
DA:234,42
DA:235,42
DA:237,1680
DA:238,840
DA:239,1680
DA:240,126
DA:241,126
DA:242,14
DA:244,112
DA:245,112
DA:246,112
DA:247,112
DA:248,28
DA:249,28
DA:250,28
DA:251,28
DA:252,42
DA:253,42
DA:255,42
DA:256,42
DA:258,56
DA:259,56
DA:260,28
DA:261,28
DA:262,56
DA:263,98
DA:264,98
DA:265,28
DA:267,70
DA:268,70
DA:269,98
DA:270,70
DA:271,70
DA:272,42
DA:274,28
DA:275,28
DA:276,70
DA:277,2100
DA:278,1050
DA:279,2100
DA:280,196
DA:281,196
DA:282,28
DA:284,168
DA:285,168
DA:286,168
DA:287,14
DA:288,14
DA:289,14
DA:290,98
DA:291,98
DA:293,28
DA:294,28
DA:296,42
DA:297,42
DA:298,28
DA:300,14
DA:301,42
DA:302,42
DA:303,42
DA:304,42
DA:306,28
DA:307,28
DA:308,0
DA:310,28
DA:311,28
DA:312,5152
DA:313,5152
DA:314,476
DA:315,476
DA:316,28
DA:318,448
DA:319,448
DA:320,448
DA:321,448
DA:322,2786
DA:323,2786
DA:324,2758
DA:325,2688
DA:326,2688
DA:327,294
DA:328,294
DA:329,294
DA:330,2786
DA:331,2940
DA:332,2940
DA:334,42
DA:335,42
DA:337,70
DA:338,70
DA:340,28
DA:341,28
DA:342,14
DA:344,14
DA:345,28
DA:346,14
DA:347,14
DA:348,14
DA:349,14
DA:350,28
DA:351,28
DA:352,28
DA:353,28
DA:354,28
DA:355,28
DA:356,28
DA:357,28
DA:358,924
DA:359,462
DA:360,924
DA:361,84
DA:362,84
DA:363,84
DA:364,84
DA:366,42
DA:367,42
DA:368,42
DA:369,42
DA:371,42
DA:372,42
DA:373,14
DA:374,14
DA:376,28
DA:377,14
DA:379,14
DA:380,14
DA:381,14
DA:382,14
DA:383,28
DA:384,98
DA:385,98
DA:387,28
DA:388,28
DA:389,14
DA:391,14
DA:392,28
DA:393,28
DA:394,28
DA:396,308
DA:397,154
DA:398,308
DA:399,84
DA:400,84
DA:401,14
DA:403,70
DA:404,70
DA:405,70
DA:406,14
DA:407,14
DA:409,1848
DA:410,1848
DA:411,546
DA:412,546
DA:413,448
DA:415,98
DA:416,98
DA:417,546
DA:418,70
DA:419,70
DA:421,238
DA:422,238
DA:423,238
DA:424,238
DA:425,238
DA:426,14
DA:427,14
DA:429,14
DA:430,14
DA:431,0
DA:433,14
DA:434,14
DA:435,14
DA:436,14
DA:438,14
DA:439,14
DA:440,0
DA:442,14
DA:443,14
DA:444,14
DA:445,1456
DA:446,728
DA:447,728
DA:448,728
DA:449,728
DA:450,728
DA:451,728
DA:452,728
DA:453,728
DA:454,1456
DA:455,280
DA:456,280
DA:457,42
DA:459,238
DA:460,14
DA:462,224
DA:463,28
DA:465,196
DA:466,196
DA:467,196
DA:468,196
DA:469,196
DA:470,56
DA:471,56
DA:472,56
DA:473,56
DA:474,28
DA:475,28
DA:476,28
DA:477,14
DA:478,14
DA:479,14
DA:480,112
DA:481,112
DA:482,42
DA:484,70
DA:485,70
DA:486,448
DA:487,448
DA:488,434
DA:489,420
DA:490,420
DA:491,420
DA:492,434
DA:493,434
DA:494,42
DA:495,42
DA:496,448
DA:497,462
DA:498,462
DA:500,70
DA:501,70
DA:503,28
DA:504,28
DA:506,28
DA:507,28
DA:508,28
DA:509,28
DA:510,28
DA:511,28
DA:512,42
DA:513,42
DA:515,56
DA:516,56
DA:518,0
DA:519,0
DA:521,14
DA:522,14
DA:523,0
DA:525,14
DA:526,14
DA:527,14
DA:528,14
DA:530,84
DA:531,84
DA:532,28
DA:533,28
DA:534,28
DA:535,28
DA:536,84
DA:537,14
DA:538,14
DA:540,700
DA:541,700
DA:542,112
DA:543,112
DA:544,98
DA:545,98
DA:546,98
DA:547,112
DA:548,42
DA:549,42
DA:550,28
DA:551,28
DA:552,0
DA:553,0
DA:554,28
DA:555,42
DA:556,140
DA:557,140
DA:559,28
DA:560,28
DA:562,14
DA:563,14
DA:564,14
DA:565,14
DA:566,14
DA:567,14
DA:568,42
DA:569,42
DA:571,56
DA:572,56
DA:573,14
DA:575,42
DA:576,56
DA:577,2226
DA:578,840
DA:585,420
DA:586,420
DA:587,420
DA:588,1260
DA:589,98
DA:590,98
DA:591,14
DA:593,84
DA:594,84
DA:595,140
DA:601,140
DA:602,70
DA:603,70
DA:604,14
DA:606,56
DA:607,56
DA:608,196
DA:616,196
DA:617,294
DA:618,98
DA:619,98
DA:620,14
DA:622,84
DA:623,84
DA:624,224
DA:634,224
DA:635,112
DA:636,336
DA:637,112
DA:638,112
DA:639,14
DA:641,98
DA:642,98
DA:643,196
DA:651,196
DA:652,294
DA:653,98
DA:654,98
DA:655,14
DA:657,84
DA:658,84
DA:659,112
DA:666,112
DA:667,168
DA:668,56
DA:669,56
DA:670,14
DA:672,42
DA:673,42
DA:674,168
DA:682,168
DA:683,252
DA:684,84
DA:685,84
DA:686,14
DA:688,70
DA:689,70
DA:690,168
DA:695,168
DA:696,84
DA:697,84
DA:698,14
DA:700,70
DA:701,70
DA:702,196
DA:710,196
DA:711,294
DA:712,98
DA:713,98
DA:714,14
DA:716,84
DA:717,84
DA:718,196
DA:725,196
DA:726,294
DA:727,98
DA:728,98
DA:729,14
DA:731,84
DA:732,84
DA:733,168
DA:740,168
DA:741,252
DA:742,84
DA:743,84
DA:744,14
DA:746,70
DA:747,70
DA:748,196
DA:755,196
DA:756,98
DA:757,294
DA:758,98
DA:759,98
DA:760,14
DA:762,84
DA:763,84
DA:764,224
DA:772,224
DA:773,336
DA:774,112
DA:775,112
DA:776,14
DA:778,98
DA:779,98
DA:780,224
DA:788,224
DA:789,336
DA:790,112
DA:791,112
DA:792,14
DA:794,98
DA:795,98
DA:796,224
DA:804,224
DA:805,336
DA:806,112
DA:807,112
DA:808,14
DA:810,98
DA:811,98
DA:812,224
DA:821,224
DA:822,336
DA:823,112
DA:824,112
DA:825,14
DA:827,98
DA:828,98
DA:829,224
DA:837,224
DA:838,336
DA:839,112
DA:840,112
DA:841,14
DA:843,98
DA:844,98
DA:845,252
DA:855,252
DA:856,378
DA:857,126
DA:858,126
DA:859,14
DA:861,112
DA:862,112
DA:863,196
DA:871,196
DA:872,294
DA:873,98
DA:874,98
DA:875,14
DA:877,84
DA:878,84
DA:879,3780
DA:880,3780
DA:881,84
DA:882,84
DA:883,84
DA:884,56
DA:885,42
DA:886,14
DA:887,14
DA:888,14
DA:889,14
DA:890,14
DA:891,14
DA:892,14
DA:893,14
DA:894,14
DA:895,14
DA:896,14
DA:897,98
DA:898,84
DA:899,84
DA:900,84
DA:902,14
DA:903,14
DA:904,70
DA:905,70
DA:906,70
DA:907,42
DA:909,28
DA:910,28
DA:911,28
DA:912,28
DA:913,28
DA:914,28
DA:915,28
DA:916,28
DA:917,84
DA:918,84
DA:919,84
DA:920,28
DA:922,56
DA:923,28
DA:925,28
DA:926,14
DA:928,14
DA:929,14
DA:930,14
DA:931,14
DA:932,14
DA:933,14
DA:934,14
DA:935,14
DA:936,14
DA:937,14
DA:938,14
DA:939,14
DA:940,14
DA:941,140
DA:942,126
DA:943,126
DA:944,126
DA:946,14
DA:947,14
DA:948,98
DA:949,98
DA:950,98
DA:951,56
DA:953,42
DA:954,28
DA:955,14
DA:956,14
DA:957,14
DA:958,14
DA:959,14
DA:960,14
DA:961,14
DA:962,14
DA:963,14
DA:964,14
DA:965,14
DA:966,14
DA:967,14
DA:968,14
DA:969,140
DA:970,126
DA:971,126
DA:972,126
DA:974,14
DA:975,14
DA:976,84
DA:977,84
DA:978,84
DA:979,28
DA:981,56
DA:982,28
DA:983,14
DA:984,14
DA:985,14
DA:986,14
DA:987,14
DA:988,14
DA:989,14
DA:990,14
DA:991,14
DA:992,14
DA:993,14
DA:994,14
DA:995,14
DA:996,126
DA:997,112
DA:998,112
DA:999,112
DA:1001,14
DA:1002,14
DA:1003,42
DA:1004,42
DA:1005,42
DA:1006,28
DA:1008,14
DA:1009,14
DA:1010,14
DA:1011,14
DA:1012,14
DA:1013,14
DA:1014,14
DA:1015,14
DA:1016,336
DA:1017,336
DA:1018,336
DA:1019,336
DA:1020,336
DA:1022,14
DA:1023,14
DA:1024,14
DA:1025,0
DA:1027,14
DA:1028,0
DA:1030,14
DA:1031,14
DA:1032,70
DA:1033,70
DA:1034,70
DA:1035,28
DA:1037,42
DA:1038,28
DA:1039,14
DA:1040,14
DA:1041,14
DA:1042,14
DA:1043,14
DA:1044,14
DA:1045,14
DA:1046,14
DA:1047,14
DA:1048,14
DA:1049,14
DA:1050,140
DA:1051,126
DA:1052,126
DA:1053,126
DA:1055,14
DA:1056,14
DA:1057,84
DA:1058,84
DA:1059,84
DA:1060,42
DA:1062,42
DA:1063,14
DA:1065,28
DA:1066,28
DA:1067,28
DA:1068,28
DA:1069,28
DA:1070,28
DA:1071,28
DA:1072,28
DA:1073,84
DA:1074,84
DA:1075,84
DA:1076,28
DA:1078,56
DA:1079,42
DA:1080,14
DA:1081,14
DA:1082,14
DA:1083,14
DA:1084,14
DA:1085,14
DA:1086,14
DA:1087,14
DA:1088,14
DA:1089,154
DA:1090,140
DA:1091,140
DA:1092,140
DA:1094,14
DA:1095,14
DA:1096,98
DA:1097,98
DA:1098,98
DA:1099,42
DA:1101,56
DA:1102,42
DA:1103,28
DA:1104,28
DA:1105,28
DA:1106,28
DA:1107,28
DA:1108,28
DA:1109,28
DA:1110,28
DA:1111,70
DA:1112,70
DA:1113,70
DA:1114,28
DA:1116,42
DA:1117,14
DA:1118,14
DA:1119,14
DA:1120,14
DA:1121,14
DA:1122,14
DA:1123,14
DA:1124,14
DA:1125,14
DA:1126,154
DA:1127,140
DA:1128,140
DA:1129,140
DA:1131,14
DA:1132,14
DA:1133,84
DA:1134,84
DA:1135,84
DA:1136,56
DA:1137,42
DA:1138,28
DA:1139,14
DA:1140,14
DA:1141,14
DA:1142,14
DA:1143,14
DA:1144,14
DA:1145,14
DA:1146,14
DA:1147,14
DA:1148,14
DA:1149,14
DA:1150,14
DA:1151,14
DA:1152,14
DA:1153,182
DA:1154,168
DA:1155,168
DA:1156,168
DA:1158,14
DA:1159,14
DA:1160,98
DA:1161,98
DA:1162,98
DA:1163,28
DA:1165,70
DA:1166,42
DA:1167,28
DA:1168,14
DA:1169,14
DA:1170,14
DA:1171,14
DA:1172,14
DA:1173,14
DA:1174,14
DA:1175,14
DA:1176,14
DA:1177,14
DA:1178,182
DA:1179,168
DA:1180,168
DA:1181,168
DA:1183,14
DA:1184,14
DA:1185,98
DA:1186,98
DA:1187,98
DA:1188,28
DA:1190,70
DA:1191,42
DA:1192,28
DA:1193,14
DA:1194,14
DA:1195,14
DA:1196,14
DA:1197,14
DA:1198,14
DA:1199,14
DA:1200,14
DA:1201,14
DA:1202,14
DA:1203,14
DA:1204,14
DA:1205,14
DA:1206,154
DA:1207,140
DA:1208,140
DA:1209,140
DA:1211,14
DA:1212,14
DA:1213,98
DA:1214,98
DA:1215,98
DA:1216,28
DA:1218,70
DA:1219,56
DA:1220,28
DA:1221,14
DA:1222,14
DA:1223,14
DA:1224,14
DA:1225,14
DA:1226,14
DA:1227,14
DA:1228,14
DA:1229,14
DA:1230,14
DA:1231,182
DA:1232,168
DA:1233,168
DA:1234,168
DA:1236,14
DA:1237,14
DA:1238,98
DA:1239,98
DA:1240,98
DA:1241,42
DA:1243,56
DA:1244,28
DA:1245,14
DA:1246,14
DA:1247,14
DA:1248,14
DA:1249,14
DA:1250,14
DA:1251,14
DA:1252,14
DA:1253,14
DA:1254,14
DA:1255,14
DA:1256,182
DA:1257,168
DA:1258,168
DA:1259,168
DA:1261,14
DA:1262,14
DA:1263,98
DA:1264,98
DA:1265,98
DA:1266,28
DA:1268,70
DA:1269,42
DA:1270,28
DA:1271,14
DA:1272,14
DA:1273,14
DA:1274,14
DA:1275,14
DA:1276,14
DA:1277,14
DA:1278,14
DA:1279,14
DA:1280,14
DA:1281,14
DA:1282,14
DA:1283,182
DA:1284,168
DA:1285,168
DA:1286,168
DA:1288,14
DA:1289,14
DA:1290,112
DA:1291,112
DA:1292,112
DA:1293,56
DA:1295,56
DA:1296,42
DA:1297,28
DA:1298,14
DA:1299,14
DA:1300,14
DA:1301,14
DA:1302,14
DA:1303,14
DA:1304,14
DA:1305,14
DA:1306,14
DA:1307,14
DA:1308,14
DA:1309,14
DA:1310,210
DA:1311,196
DA:1312,196
DA:1313,196
DA:1315,14
DA:1316,14
DA:1317,84
DA:1318,84
DA:1319,84
DA:1320,28
DA:1322,56
DA:1323,28
DA:1324,14
DA:1325,14
DA:1326,14
DA:1327,14
DA:1328,14
DA:1329,14
DA:1330,14
DA:1331,14
DA:1332,14
DA:1333,14
DA:1334,168
DA:1335,154
DA:1336,154
DA:1337,154
DA:1339,14
DA:1340,14
DA:1341,868
DA:1342,868
DA:1343,14
DA:1344,14
DA:1345,14
DA:1346,14
DA:1347,28
DA:1348,28
DA:1349,14
DA:1351,14
DA:1352,14
DA:1353,42
DA:1354,42
DA:1355,14
DA:1357,28
DA:1358,28
DA:1359,28
DA:1360,112
DA:1361,112
DA:1362,112
DA:1363,112
DA:1364,14
DA:1365,14
DA:1366,14
DA:1367,14
DA:1368,28
DA:1369,28
DA:1371,0
DA:1372,0
DA:1374,14
DA:1375,14
DA:1377,28
DA:1378,28
DA:1380,14
DA:1381,14
DA:1383,28
DA:1384,28
DA:1385,0
DA:1387,28
DA:1388,28
DA:1389,28
DA:1390,28
DA:1391,0
DA:1392,28
DA:1393,14
DA:1395,14
DA:1396,28
DA:1397,28
DA:1398,28
DA:1399,0
DA:1401,28
DA:1402,28
DA:1403,28
DA:1404,28
DA:1405,14
DA:1407,14
DA:1408,28
DA:1409,28
DA:1410,28
DA:1411,14
DA:1413,14
DA:1414,28
DA:1415,14
DA:1416,14
DA:1418,336
DA:1419,8568
DA:1420,8400
DA:1421,8400
DA:1422,336
DA:1423,84
DA:1424,84
DA:1425,168
DA:1426,84
DA:1427,84
DA:1428,84
DA:1429,84
DA:1430,168
DA:1431,168
DA:1432,168
DA:1433,168
DA:1434,168
DA:1435,168
DA:1436,14
DA:1437,14
DA:1438,14
DA:1439,42
DA:1440,70
DA:1441,84
DA:1442,84
DA:1443,84
DA:1444,84
DA:1445,14
DA:1446,14
DA:1448,70
DA:1449,28
DA:1450,28
DA:1452,42
DA:1453,14
DA:1454,14
DA:1456,28
DA:1457,28
DA:1458,28
DA:1460,42
DA:1461,28
DA:1462,28
DA:1464,28
DA:1465,28
DA:1467,42
DA:1468,42
DA:1469,98
DA:1470,56
DA:1471,42
DA:1472,42
DA:1473,56
DA:1474,42
DA:1476,14
DA:1477,14
DA:1478,28
DA:1479,14
DA:1480,14
DA:1481,14
DA:1482,14
DA:1483,14
DA:1485,14
DA:1486,28
DA:1487,28
DA:1488,14
DA:1489,14
DA:1490,14
DA:1491,14
DA:1492,14
DA:1493,14
DA:1494,14
DA:1495,14
DA:1496,56
DA:1497,56
DA:1498,28
DA:1500,28
DA:1501,56
DA:1502,98
DA:1503,98
DA:1505,14
DA:1506,14
DA:1508,14
DA:1509,14
DA:1511,14
DA:1512,14
DA:1514,952
DA:1515,476
DA:1516,952
DA:1517,98
DA:1518,98
DA:1519,42
DA:1521,56
DA:1522,0
DA:1524,56
DA:1525,56
DA:1526,56
DA:1527,56
DA:1528,98
DA:1529,42
DA:1530,42
DA:1531,28
DA:1533,14
DA:1534,14
DA:1535,42
DA:1536,42
DA:1537,42
DA:1538,28
DA:1540,14
DA:1541,14
DA:1542,14
DA:1543,42
DA:1544,98
DA:1545,98
DA:1546,42
DA:1548,56
DA:1549,56
DA:1550,98
DA:1551,126
DA:1552,126
DA:1553,56
DA:1555,70
DA:1556,56
DA:1558,14
DA:1559,126
DA:1560,98
DA:1561,98
DA:1562,28
DA:1564,70
DA:1565,98
DA:1566,28
DA:1567,28
DA:1568,14
DA:1570,14
DA:1571,28
DA:1572,84
DA:1573,84
DA:1574,42
DA:1576,42
DA:1577,84
DA:1578,70
DA:1579,70
DA:1580,28
DA:1582,42
DA:1583,70
DA:1584,70
DA:1585,70
DA:1586,28
DA:1588,42
DA:1589,14
DA:1591,28
DA:1592,28
DA:1593,70
DA:1594,28
DA:1595,28
DA:1596,28
DA:1598,0
DA:1599,28
DA:1600,56
DA:1601,56
DA:1603,28
DA:1604,28
DA:1606,14
DA:1607,14
LF:1295
LH:1266
end_of_record
TN:
SF:/Users/jamesmaxwell/student/sem3/ppois/lab2/gallery.hpp
FNL:0,106
FNA:0,0,_ZN28UnderexposedArtworkExceptionD0Ev
FNA:0,0,_ZN28UnderexposedArtworkExceptionD1Ev
FNA:0,0,_ZN28UnderexposedArtworkExceptionD2Ev
FNL:1,113,113
FNA:1,0,_ZN28UnderexposedArtworkExceptionC1EPKc
FNA:1,0,_ZN28UnderexposedArtworkExceptionC2EPKc
FNL:2,120
FNA:2,0,_ZN16StorageExceptionD0Ev
FNA:2,14,_ZN16StorageExceptionD1Ev
FNA:2,14,_ZN16StorageExceptionD2Ev
FNL:3,127,127
FNA:3,14,_ZN16StorageExceptionC1EPKc
FNA:3,14,_ZN16StorageExceptionC2EPKc
FNL:4,1380,1380
FNA:4,0,_ZN10ExhibitionD0Ev
FNA:4,0,_ZN10ExhibitionD1Ev
FNA:4,2226,_ZN10ExhibitionD2Ev
FNL:5,1392,1393
FNA:5,1820,_ZNK10Exhibition7getNameEv
FNL:6,1437
FNA:6,0,_ZN18PaintingExhibitionD0Ev
FNA:6,420,_ZN18PaintingExhibitionD1Ev
FNA:6,420,_ZN18PaintingExhibitionD2Ev
FNL:7,1479
FNA:7,0,_ZN19SculptureExhibitionD0Ev
FNA:7,70,_ZN19SculptureExhibitionD1Ev
FNA:7,70,_ZN19SculptureExhibitionD2Ev
FNL:8,1518
FNA:8,0,_ZN21PhotographyExhibitionD0Ev
FNA:8,98,_ZN21PhotographyExhibitionD1Ev
FNA:8,98,_ZN21PhotographyExhibitionD2Ev
FNL:9,1563
FNA:9,0,_ZN20MixedMediaExhibitionD0Ev
FNA:9,112,_ZN20MixedMediaExhibitionD1Ev
FNA:9,112,_ZN20MixedMediaExhibitionD2Ev
FNL:10,1614
FNA:10,0,_ZN20DigitalArtExhibitionD0Ev
FNA:10,98,_ZN20DigitalArtExhibitionD1Ev
FNA:10,98,_ZN20DigitalArtExhibitionD2Ev
FNL:11,162
FNA:11,0,_ZN26InsufficientSpaceExceptionD0Ev
FNA:11,42,_ZN26InsufficientSpaceExceptionD1Ev
FNA:11,42,_ZN26InsufficientSpaceExceptionD2Ev
FNL:12,1659
FNA:12,0,_ZN17VintageExhibitionD0Ev
FNA:12,56,_ZN17VintageExhibitionD1Ev
FNA:12,56,_ZN17VintageExhibitionD2Ev
FNL:13,169,169
FNA:13,42,_ZN26InsufficientSpaceExceptionC1EPKc
FNA:13,42,_ZN26InsufficientSpaceExceptionC2EPKc
FNL:14,1701
FNA:14,0,_ZN22ContemporaryExhibitionD0Ev
FNA:14,84,_ZN22ContemporaryExhibitionD1Ev
FNA:14,84,_ZN22ContemporaryExhibitionD2Ev
FNL:15,1746
FNA:15,0,_ZN20MinimalistExhibitionD0Ev
FNA:15,84,_ZN20MinimalistExhibitionD1Ev
FNA:15,84,_ZN20MinimalistExhibitionD2Ev
FNL:16,176
FNA:16,0,_ZN22InvalidAccessExceptionD0Ev
FNA:16,14,_ZN22InvalidAccessExceptionD1Ev
FNA:16,14,_ZN22InvalidAccessExceptionD2Ev
FNL:17,1782
FNA:17,0,_ZN18AbstractExhibitionD0Ev
FNA:17,98,_ZN18AbstractExhibitionD1Ev
FNA:17,98,_ZN18AbstractExhibitionD2Ev
FNL:18,1827
FNA:18,0,_ZN18PortraitExhibitionD0Ev
FNA:18,98,_ZN18PortraitExhibitionD1Ev
FNA:18,98,_ZN18PortraitExhibitionD2Ev
FNL:19,183,183
FNA:19,14,_ZN22InvalidAccessExceptionC1EPKc
FNA:19,14,_ZN22InvalidAccessExceptionC2EPKc
FNL:20,1869
FNA:20,0,_ZN19LandscapeExhibitionD0Ev
FNA:20,84,_ZN19LandscapeExhibitionD1Ev
FNA:20,84,_ZN19LandscapeExhibitionD2Ev
FNL:21,1911
FNA:21,0,_ZN21RestorationExhibitionD0Ev
FNA:21,98,_ZN21RestorationExhibitionD1Ev
FNA:21,98,_ZN21RestorationExhibitionD2Ev
FNL:22,1953
FNA:22,0,_ZN19TemporaryExhibitionD0Ev
FNA:22,112,_ZN19TemporaryExhibitionD1Ev
FNA:22,112,_ZN19TemporaryExhibitionD2Ev
FNL:23,1998
FNA:23,0,_ZN19PermanentExhibitionD0Ev
FNA:23,112,_ZN19PermanentExhibitionD1Ev
FNA:23,112,_ZN19PermanentExhibitionD2Ev
FNL:24,2043
FNA:24,0,_ZN21InteractiveExhibitionD0Ev
FNA:24,112,_ZN21InteractiveExhibitionD1Ev
FNA:24,112,_ZN21InteractiveExhibitionD2Ev
FNL:25,2088
FNA:25,0,_ZN18ThematicExhibitionD0Ev
FNA:25,112,_ZN18ThematicExhibitionD1Ev
FNA:25,112,_ZN18ThematicExhibitionD2Ev
FNL:26,2136
FNA:26,0,_ZN23RetrospectiveExhibitionD0Ev
FNA:26,112,_ZN23RetrospectiveExhibitionD1Ev
FNA:26,112,_ZN23RetrospectiveExhibitionD2Ev
FNL:27,2181
FNA:27,0,_ZN15GroupExhibitionD0Ev
FNA:27,126,_ZN15GroupExhibitionD1Ev
FNA:27,126,_ZN15GroupExhibitionD2Ev
FNL:28,22,29
FNA:28,0,_ZN24ArtworkNotFoundExceptionD0Ev
FNA:28,490,_ZN24ArtworkNotFoundExceptionD1Ev
FNA:28,490,_ZN24ArtworkNotFoundExceptionD2Ev
FNL:29,2232
FNA:29,0,_ZN14SoloExhibitionD0Ev
FNA:29,98,_ZN14SoloExhibitionD1Ev
FNA:29,98,_ZN14SoloExhibitionD2Ev
FNL:30,29,29
FNA:30,490,_ZN24ArtworkNotFoundExceptionC1EPKc
FNA:30,490,_ZN24ArtworkNotFoundExceptionC2EPKc
FNL:31,36
FNA:31,0,_ZN25NotEnoughArtworkExceptionD0Ev
FNA:31,14,_ZN25NotEnoughArtworkExceptionD1Ev
FNA:31,14,_ZN25NotEnoughArtworkExceptionD2Ev
FNL:32,43,43
FNA:32,14,_ZN25NotEnoughArtworkExceptionC1EPKc
FNA:32,14,_ZN25NotEnoughArtworkExceptionC2EPKc
FNL:33,50
FNA:33,0,_ZN25ToolNotAvailableExceptionD0Ev
FNA:33,1008,_ZN25ToolNotAvailableExceptionD1Ev
FNA:33,1008,_ZN25ToolNotAvailableExceptionD2Ev
FNL:34,57,57
FNA:34,1008,_ZN25ToolNotAvailableExceptionC1EPKc
FNA:34,1008,_ZN25ToolNotAvailableExceptionC2EPKc
FNL:35,64
FNA:35,0,_ZN25InvalidConditionExceptionD0Ev
FNA:35,84,_ZN25InvalidConditionExceptionD1Ev
FNA:35,84,_ZN25InvalidConditionExceptionD2Ev
FNL:36,71,71
FNA:36,84,_ZN25InvalidConditionExceptionC1EPKc
FNA:36,84,_ZN25InvalidConditionExceptionC2EPKc
FNL:37,78
FNA:37,0,_ZN20TimerNotSetExceptionD0Ev
FNA:37,280,_ZN20TimerNotSetExceptionD1Ev
FNA:37,280,_ZN20TimerNotSetExceptionD2Ev
FNL:38,85,85
FNA:38,280,_ZN20TimerNotSetExceptionC1EPKc
FNA:38,280,_ZN20TimerNotSetExceptionC2EPKc
FNL:39,92
FNA:39,0,_ZN27OverexposedArtworkExceptionD0Ev
FNA:39,0,_ZN27OverexposedArtworkExceptionD1Ev
FNA:39,0,_ZN27OverexposedArtworkExceptionD2Ev
FNL:40,99,99
FNA:40,0,_ZN27OverexposedArtworkExceptionC1EPKc
FNA:40,0,_ZN27OverexposedArtworkExceptionC2EPKc
FNF:41
FNH:37
DA:29,980
DA:43,28
DA:57,2016
DA:71,168
DA:85,560
DA:99,0
DA:113,0
DA:127,28
DA:169,84
DA:183,28
DA:1380,2226
DA:1392,1820
DA:1393,1820
LF:13
LH:11
end_of_record
TN:
SF:/Users/jamesmaxwell/student/sem3/ppois/lab2/main.cpp
FNL:0,141,304
FNA:0,0,_Z16runGallerySystemb
FNL:1,17,18
FNA:1,0,_ZN12_GLOBAL__N_113createArtworkEPKcddbP9Dimensioni
FNL:2,21,25
FNA:2,0,_ZN12_GLOBAL__N_120initializeDimensionsER9DimensionS1_S1_
FNL:3,27,85
FNA:3,0,_ZN12_GLOBAL__N_127initializeArtworkCollectionERNSt3__16vectorI7ArtworkNS0_9allocatorIS2_EEEEP9Dimension
FNL:4,87,129
FNA:4,0,_ZN12_GLOBAL__N_115initializeToolsERNSt3__16vectorI5FrameNS0_9allocatorIS2_EEEERNS1_I8LightingNS3_IS7_EEEERNS1_I14SecurityCameraNS3_ISB_EEEERNS1_I12DisplayStandNS3_ISF_EEEERNS1_I14RestorationKitNS3_ISJ_EEEERNS1_I11CleaningKitNS3_ISN_EEEERNS1_I14ClimateControlNS3_ISR_EEEERNS1_I14SecuritySystemNS3_ISV_EEEERNS1_I5TimerNS3_ISZ_EEEE
FNF:5
FNH:0
DA:17,0
DA:18,0
DA:21,0
DA:22,0
DA:23,0
DA:24,0
DA:25,0
DA:27,0
DA:33,0
DA:74,0
DA:75,0
DA:76,0
DA:77,0
DA:78,0
DA:79,0
DA:80,0
DA:81,0
DA:82,0
DA:84,0
DA:85,0
DA:87,0
DA:98,0
DA:99,0
DA:100,0
DA:102,0
DA:103,0
DA:104,0
DA:106,0
DA:107,0
DA:108,0
DA:110,0
DA:111,0
DA:112,0
DA:114,0
DA:115,0
DA:117,0
DA:118,0
DA:120,0
DA:121,0
DA:123,0
DA:124,0
DA:126,0
DA:127,0
DA:128,0
DA:129,0
DA:141,0
DA:143,0
DA:144,0
DA:146,0
DA:147,0
DA:149,0
DA:150,0
DA:151,0
DA:152,0
DA:153,0
DA:154,0
DA:155,0
DA:156,0
DA:157,0
DA:159,0
DA:162,0
DA:163,0
DA:165,0
DA:166,0
DA:169,0
DA:171,0
DA:172,0
DA:175,0
DA:177,0
DA:178,0
DA:181,0
DA:183,0
DA:184,0
DA:187,0
DA:189,0
DA:190,0
DA:193,0
DA:195,0
DA:196,0
DA:199,0
DA:201,0
DA:202,0
DA:205,0
DA:207,0
DA:210,0
DA:212,0
DA:213,0
DA:216,0
DA:218,0
DA:219,0
DA:222,0
DA:224,0
DA:225,0
DA:228,0
DA:230,0
DA:231,0
DA:234,0
DA:236,0
DA:237,0
DA:240,0
DA:242,0
DA:243,0
DA:246,0
DA:248,0
DA:249,0
DA:252,0
DA:254,0
DA:255,0
DA:258,0
DA:260,0
DA:261,0
DA:264,0
DA:266,0
DA:267,0
DA:270,0
DA:272,0
DA:273,0
DA:276,0
DA:277,0
DA:278,0
DA:280,0
DA:281,0
DA:283,0
DA:291,0
DA:292,0
DA:295,0
DA:296,0
DA:297,0
DA:298,0
DA:300,0
DA:301,0
DA:302,0
DA:303,0
DA:304,0
LF:134
LH:0
end_of_record
